<?xml version="1.0" encoding="UTF-8"?>
<coverage generated="1615582301822" clover="3.2.0">
  <project timestamp="1615582301822" name="All files">
    <metrics statements="421" coveredstatements="403" conditionals="112" coveredconditionals="104" methods="70" coveredmethods="66" elements="603" coveredelements="573" complexity="0" loc="421" ncloc="421" packages="5" files="16" classes="16"/>
    <package name="express-jobly">
      <metrics statements="52" coveredstatements="51" conditionals="18" coveredconditionals="16" methods="8" coveredmethods="7"/>
      <file name="app.js" path="/Users/ngundobin/Desktop/express-jobly/app.js">
        <metrics statements="26" coveredstatements="26" conditionals="4" coveredconditionals="4" methods="2" coveredmethods="2"/>
        <line num="5" count="5" type="stmt"/>
        <line num="6" count="5" type="stmt"/>
        <line num="8" count="5" type="stmt"/>
        <line num="10" count="5" type="stmt"/>
        <line num="11" count="5" type="stmt"/>
        <line num="12" count="5" type="stmt"/>
        <line num="13" count="5" type="stmt"/>
        <line num="14" count="5" type="stmt"/>
        <line num="16" count="5" type="stmt"/>
        <line num="18" count="5" type="stmt"/>
        <line num="20" count="5" type="stmt"/>
        <line num="21" count="5" type="stmt"/>
        <line num="22" count="5" type="stmt"/>
        <line num="23" count="5" type="stmt"/>
        <line num="25" count="5" type="stmt"/>
        <line num="26" count="5" type="stmt"/>
        <line num="27" count="5" type="stmt"/>
        <line num="28" count="5" type="stmt"/>
        <line num="31" count="5" type="stmt"/>
        <line num="32" count="2" type="stmt"/>
        <line num="36" count="5" type="stmt"/>
        <line num="37" count="36" type="cond" truecount="2" falsecount="0"/>
        <line num="38" count="36" type="cond" truecount="2" falsecount="0"/>
        <line num="39" count="36" type="stmt"/>
        <line num="41" count="36" type="stmt"/>
        <line num="46" count="5" type="stmt"/>
      </file>
      <file name="config.js" path="/Users/ngundobin/Desktop/express-jobly/config.js">
        <metrics statements="13" coveredstatements="13" conditionals="10" coveredconditionals="10" methods="1" coveredmethods="1"/>
        <line num="5" count="11" type="stmt"/>
        <line num="6" count="11" type="stmt"/>
        <line num="8" count="11" type="cond" truecount="2" falsecount="0"/>
        <line num="10" count="11" type="cond" truecount="2" falsecount="0"/>
        <line num="14" count="22" type="cond" truecount="2" falsecount="0"/>
        <line num="22" count="11" type="cond" truecount="2" falsecount="0"/>
        <line num="24" count="11" type="stmt"/>
        <line num="25" count="11" type="stmt"/>
        <line num="26" count="11" type="stmt"/>
        <line num="27" count="11" type="stmt"/>
        <line num="28" count="11" type="stmt"/>
        <line num="29" count="11" type="stmt"/>
        <line num="31" count="11" type="stmt"/>
      </file>
      <file name="db.js" path="/Users/ngundobin/Desktop/express-jobly/db.js">
        <metrics statements="5" coveredstatements="5" conditionals="0" coveredconditionals="0" methods="0" coveredmethods="0"/>
        <line num="5" count="8" type="stmt"/>
        <line num="6" count="8" type="stmt"/>
        <line num="8" count="8" type="stmt"/>
        <line num="12" count="8" type="stmt"/>
        <line num="14" count="8" type="stmt"/>
      </file>
      <file name="expressError.js" path="/Users/ngundobin/Desktop/express-jobly/expressError.js">
        <metrics statements="8" coveredstatements="7" conditionals="4" coveredconditionals="2" methods="5" coveredmethods="4"/>
        <line num="9" count="46" type="stmt"/>
        <line num="10" count="46" type="stmt"/>
        <line num="11" count="46" type="stmt"/>
        <line num="19" count="11" type="stmt"/>
        <line num="27" count="17" type="stmt"/>
        <line num="35" count="18" type="stmt"/>
        <line num="43" count="0" type="stmt"/>
        <line num="47" count="10" type="stmt"/>
      </file>
    </package>
    <package name="express-jobly.helpers">
      <metrics statements="33" coveredstatements="32" conditionals="27" coveredconditionals="26" methods="5" coveredmethods="5"/>
      <file name="sql.js" path="/Users/ngundobin/Desktop/express-jobly/helpers/sql.js">
        <metrics statements="27" coveredstatements="26" conditionals="25" coveredconditionals="24" methods="4" coveredmethods="4"/>
        <line num="1" count="9" type="stmt"/>
        <line num="13" count="18" type="stmt"/>
        <line num="14" count="18" type="cond" truecount="2" falsecount="0"/>
        <line num="17" count="14" type="stmt"/>
        <line num="18" count="34" type="cond" truecount="2" falsecount="0"/>
        <line num="21" count="14" type="stmt"/>
        <line num="31" count="7" type="cond" truecount="2" falsecount="0"/>
        <line num="32" count="6" type="stmt"/>
        <line num="34" count="6" type="cond" truecount="2" falsecount="0"/>
        <line num="35" count="3" type="stmt"/>
        <line num="38" count="6" type="cond" truecount="4" falsecount="0"/>
        <line num="39" count="2" type="stmt"/>
        <line num="43" count="4" type="cond" truecount="2" falsecount="0"/>
        <line num="44" count="1" type="stmt"/>
        <line num="46" count="3" type="cond" truecount="1" falsecount="1"/>
        <line num="47" count="0" type="stmt"/>
        <line num="49" count="6" type="stmt"/>
        <line num="56" count="6" type="cond" truecount="2" falsecount="0"/>
        <line num="57" count="5" type="stmt"/>
        <line num="59" count="5" type="cond" truecount="2" falsecount="0"/>
        <line num="60" count="3" type="stmt"/>
        <line num="63" count="5" type="cond" truecount="2" falsecount="0"/>
        <line num="64" count="1" type="stmt"/>
        <line num="67" count="5" type="cond" truecount="2" falsecount="0"/>
        <line num="68" count="2" type="stmt"/>
        <line num="70" count="5" type="stmt"/>
        <line num="73" count="9" type="stmt"/>
      </file>
      <file name="tokens.js" path="/Users/ngundobin/Desktop/express-jobly/helpers/tokens.js">
        <metrics statements="6" coveredstatements="6" conditionals="2" coveredconditionals="2" methods="1" coveredmethods="1"/>
        <line num="1" count="6" type="stmt"/>
        <line num="2" count="6" type="stmt"/>
        <line num="7" count="15" type="stmt"/>
        <line num="10" count="15" type="stmt"/>
        <line num="15" count="15" type="stmt"/>
        <line num="18" count="6" type="stmt"/>
      </file>
    </package>
    <package name="express-jobly.middleware">
      <metrics statements="26" coveredstatements="26" conditionals="15" coveredconditionals="15" methods="4" coveredmethods="4"/>
      <file name="auth.js" path="/Users/ngundobin/Desktop/express-jobly/middleware/auth.js">
        <metrics statements="26" coveredstatements="26" conditionals="15" coveredconditionals="15" methods="4" coveredmethods="4"/>
        <line num="5" count="6" type="stmt"/>
        <line num="6" count="6" type="stmt"/>
        <line num="7" count="6" type="stmt"/>
        <line num="18" count="62" type="stmt"/>
        <line num="19" count="62" type="cond" truecount="2" falsecount="0"/>
        <line num="20" count="62" type="cond" truecount="2" falsecount="0"/>
        <line num="21" count="31" type="stmt"/>
        <line num="22" count="31" type="stmt"/>
        <line num="24" count="61" type="stmt"/>
        <line num="26" count="1" type="stmt"/>
        <line num="36" count="2" type="stmt"/>
        <line num="37" count="2" type="cond" truecount="2" falsecount="0"/>
        <line num="38" count="1" type="stmt"/>
        <line num="40" count="1" type="stmt"/>
        <line num="50" count="28" type="stmt"/>
        <line num="51" count="28" type="cond" truecount="4" falsecount="0"/>
        <line num="52" count="8" type="stmt"/>
        <line num="53" count="20" type="stmt"/>
        <line num="55" count="8" type="stmt"/>
        <line num="65" count="8" type="stmt"/>
        <line num="66" count="8" type="stmt"/>
        <line num="67" count="8" type="cond" truecount="5" falsecount="0"/>
        <line num="68" count="4" type="stmt"/>
        <line num="70" count="4" type="stmt"/>
        <line num="72" count="4" type="stmt"/>
        <line num="76" count="6" type="stmt"/>
      </file>
    </package>
    <package name="express-jobly.models">
      <metrics statements="120" coveredstatements="120" conditionals="36" coveredconditionals="33" methods="23" coveredmethods="23"/>
      <file name="_testCommon.js" path="/Users/ngundobin/Desktop/express-jobly/models/_testCommon.js">
        <metrics statements="15" coveredstatements="15" conditionals="0" coveredconditionals="0" methods="5" coveredmethods="5"/>
        <line num="1" count="3" type="stmt"/>
        <line num="3" count="3" type="stmt"/>
        <line num="4" count="3" type="stmt"/>
        <line num="6" count="3" type="stmt"/>
        <line num="10" count="3" type="stmt"/>
        <line num="12" count="3" type="stmt"/>
        <line num="14" count="3" type="stmt"/>
        <line num="20" count="3" type="stmt"/>
        <line num="31" count="21" type="stmt"/>
        <line num="32" count="3" type="stmt"/>
        <line num="48" count="3" type="stmt"/>
        <line num="58" count="39" type="stmt"/>
        <line num="62" count="39" type="stmt"/>
        <line num="66" count="3" type="stmt"/>
        <line num="69" count="3" type="stmt"/>
      </file>
      <file name="company.js" path="/Users/ngundobin/Desktop/express-jobly/models/company.js">
        <metrics statements="29" coveredstatements="29" conditionals="10" coveredconditionals="10" methods="5" coveredmethods="5"/>
        <line num="3" count="6" type="stmt"/>
        <line num="4" count="6" type="stmt"/>
        <line num="5" count="6" type="stmt"/>
        <line num="20" count="16" type="stmt"/>
        <line num="27" count="16" type="cond" truecount="2" falsecount="0"/>
        <line num="28" count="1" type="stmt"/>
        <line num="30" count="15" type="stmt"/>
        <line num="37" count="15" type="stmt"/>
        <line num="39" count="15" type="stmt"/>
        <line num="48" count="6" type="stmt"/>
        <line num="50" count="6" type="stmt"/>
        <line num="59" count="5" type="stmt"/>
        <line num="71" count="5" type="stmt"/>
        <line num="82" count="5" type="stmt"/>
        <line num="84" count="5" type="cond" truecount="2" falsecount="0"/>
        <line num="86" count="3" type="stmt"/>
        <line num="93" count="3" type="stmt"/>
        <line num="94" count="3" type="stmt"/>
        <line num="110" count="6" type="stmt"/>
        <line num="114" count="5" type="stmt"/>
        <line num="116" count="5" type="stmt"/>
        <line num="124" count="5" type="stmt"/>
        <line num="125" count="5" type="stmt"/>
        <line num="127" count="5" type="cond" truecount="2" falsecount="0"/>
        <line num="129" count="3" type="stmt"/>
        <line num="138" count="4" type="stmt"/>
        <line num="145" count="4" type="stmt"/>
        <line num="147" count="4" type="cond" truecount="2" falsecount="0"/>
        <line num="151" count="6" type="stmt"/>
      </file>
      <file name="job.js" path="/Users/ngundobin/Desktop/express-jobly/models/job.js">
        <metrics statements="25" coveredstatements="25" conditionals="8" coveredconditionals="7" methods="5" coveredmethods="5"/>
        <line num="8" count="6" type="stmt"/>
        <line num="9" count="6" type="stmt"/>
        <line num="22" count="14" type="stmt"/>
        <line num="30" count="14" type="stmt"/>
        <line num="39" count="6" type="stmt"/>
        <line num="41" count="6" type="stmt"/>
        <line num="50" count="6" type="stmt"/>
        <line num="62" count="4" type="stmt"/>
        <line num="73" count="3" type="stmt"/>
        <line num="74" count="3" type="cond" truecount="2" falsecount="0"/>
        <line num="75" count="2" type="stmt"/>
        <line num="86" count="2" type="stmt"/>
        <line num="87" count="2" type="stmt"/>
        <line num="88" count="2" type="stmt"/>
        <line num="104" count="4" type="stmt"/>
        <line num="105" count="3" type="stmt"/>
        <line num="107" count="3" type="stmt"/>
        <line num="113" count="3" type="stmt"/>
        <line num="114" count="3" type="stmt"/>
        <line num="116" count="3" type="cond" truecount="2" falsecount="0"/>
        <line num="118" count="2" type="stmt"/>
        <line num="127" count="3" type="stmt"/>
        <line num="134" count="2" type="stmt"/>
        <line num="136" count="2" type="cond" truecount="1" falsecount="1"/>
        <line num="140" count="6" type="stmt"/>
      </file>
      <file name="user.js" path="/Users/ngundobin/Desktop/express-jobly/models/user.js">
        <metrics statements="51" coveredstatements="51" conditionals="18" coveredconditionals="16" methods="8" coveredmethods="8"/>
        <line num="3" count="6" type="stmt"/>
        <line num="4" count="6" type="stmt"/>
        <line num="5" count="6" type="stmt"/>
        <line num="10" count="6" type="stmt"/>
        <line num="12" count="6" type="stmt"/>
        <line num="26" count="7" type="stmt"/>
        <line num="38" count="7" type="stmt"/>
        <line num="40" count="7" type="cond" truecount="2" falsecount="0"/>
        <line num="42" count="4" type="stmt"/>
        <line num="43" count="4" type="cond" truecount="2" falsecount="0"/>
        <line num="44" count="3" type="stmt"/>
        <line num="45" count="3" type="stmt"/>
        <line num="49" count="4" type="stmt"/>
        <line num="67" count="19" type="stmt"/>
        <line num="74" count="19" type="cond" truecount="2" falsecount="0"/>
        <line num="75" count="1" type="stmt"/>
        <line num="78" count="18" type="stmt"/>
        <line num="80" count="18" type="stmt"/>
        <line num="93" count="18" type="stmt"/>
        <line num="95" count="18" type="stmt"/>
        <line num="104" count="3" type="stmt"/>
        <line num="114" count="2" type="stmt"/>
        <line num="126" count="4" type="stmt"/>
        <line num="137" count="4" type="stmt"/>
        <line num="139" count="4" type="cond" truecount="2" falsecount="0"/>
        <line num="141" count="3" type="stmt"/>
        <line num="149" count="3" type="stmt"/>
        <line num="151" count="3" type="stmt"/>
        <line num="164" count="1" type="stmt"/>
        <line num="170" count="1" type="stmt"/>
        <line num="172" count="1" type="cond" truecount="1" falsecount="1"/>
        <line num="174" count="1" type="stmt"/>
        <line num="180" count="1" type="stmt"/>
        <line num="182" count="1" type="cond" truecount="1" falsecount="1"/>
        <line num="184" count="1" type="stmt"/>
        <line num="198" count="1" type="stmt"/>
        <line num="199" count="1" type="stmt"/>
        <line num="220" count="6" type="cond" truecount="2" falsecount="0"/>
        <line num="221" count="2" type="stmt"/>
        <line num="224" count="6" type="stmt"/>
        <line num="229" count="5" type="stmt"/>
        <line num="231" count="5" type="stmt"/>
        <line num="239" count="5" type="stmt"/>
        <line num="240" count="5" type="stmt"/>
        <line num="242" count="5" type="cond" truecount="2" falsecount="0"/>
        <line num="244" count="4" type="stmt"/>
        <line num="245" count="4" type="stmt"/>
        <line num="251" count="3" type="stmt"/>
        <line num="258" count="3" type="stmt"/>
        <line num="260" count="3" type="cond" truecount="2" falsecount="0"/>
        <line num="264" count="6" type="stmt"/>
      </file>
    </package>
    <package name="express-jobly.routes">
      <metrics statements="190" coveredstatements="174" conditionals="16" coveredconditionals="14" methods="30" coveredmethods="27"/>
      <file name="_testCommon.js" path="/Users/ngundobin/Desktop/express-jobly/routes/_testCommon.js">
        <metrics statements="23" coveredstatements="23" conditionals="0" coveredconditionals="0" methods="4" coveredmethods="4"/>
        <line num="3" count="4" type="stmt"/>
        <line num="4" count="4" type="stmt"/>
        <line num="5" count="4" type="stmt"/>
        <line num="6" count="4" type="stmt"/>
        <line num="7" count="4" type="stmt"/>
        <line num="9" count="4" type="stmt"/>
        <line num="13" count="4" type="stmt"/>
        <line num="15" count="4" type="stmt"/>
        <line num="17" count="4" type="stmt"/>
        <line num="24" count="4" type="stmt"/>
        <line num="31" count="4" type="stmt"/>
        <line num="39" count="4" type="stmt"/>
        <line num="48" count="4" type="stmt"/>
        <line num="57" count="4" type="stmt"/>
        <line num="66" count="4" type="stmt"/>
        <line num="74" count="4" type="stmt"/>
        <line num="82" count="4" type="stmt"/>
        <line num="93" count="57" type="stmt"/>
        <line num="97" count="57" type="stmt"/>
        <line num="101" count="4" type="stmt"/>
        <line num="104" count="4" type="stmt"/>
        <line num="105" count="4" type="stmt"/>
        <line num="107" count="4" type="stmt"/>
      </file>
      <file name="auth.js" path="/Users/ngundobin/Desktop/express-jobly/routes/auth.js">
        <metrics statements="30" coveredstatements="30" conditionals="4" coveredconditionals="4" methods="4" coveredmethods="4"/>
        <line num="5" count="5" type="stmt"/>
        <line num="7" count="5" type="stmt"/>
        <line num="8" count="5" type="stmt"/>
        <line num="9" count="5" type="stmt"/>
        <line num="10" count="5" type="stmt"/>
        <line num="11" count="5" type="stmt"/>
        <line num="12" count="5" type="stmt"/>
        <line num="13" count="5" type="stmt"/>
        <line num="22" count="5" type="stmt"/>
        <line num="23" count="5" type="stmt"/>
        <line num="24" count="5" type="stmt"/>
        <line num="25" count="5" type="cond" truecount="2" falsecount="0"/>
        <line num="26" count="2" type="stmt"/>
        <line num="27" count="2" type="stmt"/>
        <line num="30" count="3" type="stmt"/>
        <line num="31" count="3" type="stmt"/>
        <line num="32" count="1" type="stmt"/>
        <line num="33" count="1" type="stmt"/>
        <line num="35" count="4" type="stmt"/>
        <line num="49" count="5" type="stmt"/>
        <line num="50" count="3" type="stmt"/>
        <line num="51" count="3" type="stmt"/>
        <line num="52" count="3" type="cond" truecount="2" falsecount="0"/>
        <line num="53" count="5" type="stmt"/>
        <line num="54" count="2" type="stmt"/>
        <line num="57" count="1" type="stmt"/>
        <line num="58" count="1" type="stmt"/>
        <line num="59" count="1" type="stmt"/>
        <line num="61" count="2" type="stmt"/>
        <line num="66" count="5" type="stmt"/>
      </file>
      <file name="companies.js" path="/Users/ngundobin/Desktop/express-jobly/routes/companies.js">
        <metrics statements="42" coveredstatements="42" conditionals="4" coveredconditionals="4" methods="7" coveredmethods="7"/>
        <line num="5" count="5" type="stmt"/>
        <line num="6" count="5" type="stmt"/>
        <line num="8" count="5" type="stmt"/>
        <line num="9" count="5" type="stmt"/>
        <line num="10" count="5" type="stmt"/>
        <line num="12" count="5" type="stmt"/>
        <line num="13" count="5" type="stmt"/>
        <line num="15" count="5" type="stmt"/>
        <line num="26" count="5" type="stmt"/>
        <line num="27" count="2" type="stmt"/>
        <line num="28" count="2" type="stmt"/>
        <line num="29" count="2" type="cond" truecount="2" falsecount="0"/>
        <line num="30" count="1" type="stmt"/>
        <line num="31" count="1" type="stmt"/>
        <line num="34" count="1" type="stmt"/>
        <line num="35" count="1" type="stmt"/>
        <line num="37" count="1" type="stmt"/>
        <line num="52" count="5" type="stmt"/>
        <line num="53" count="2" type="stmt"/>
        <line num="54" count="2" type="stmt"/>
        <line num="55" count="1" type="stmt"/>
        <line num="57" count="1" type="stmt"/>
        <line num="69" count="5" type="stmt"/>
        <line num="70" count="3" type="stmt"/>
        <line num="71" count="3" type="stmt"/>
        <line num="72" count="2" type="stmt"/>
        <line num="74" count="1" type="stmt"/>
        <line num="89" count="5" type="stmt"/>
        <line num="90" count="4" type="stmt"/>
        <line num="91" count="4" type="stmt"/>
        <line num="92" count="4" type="cond" truecount="2" falsecount="0"/>
        <line num="93" count="2" type="stmt"/>
        <line num="94" count="2" type="stmt"/>
        <line num="97" count="2" type="stmt"/>
        <line num="98" count="1" type="stmt"/>
        <line num="100" count="3" type="stmt"/>
        <line num="109" count="5" type="stmt"/>
        <line num="110" count="2" type="stmt"/>
        <line num="111" count="2" type="stmt"/>
        <line num="112" count="1" type="stmt"/>
        <line num="114" count="1" type="stmt"/>
        <line num="118" count="5" type="stmt"/>
      </file>
      <file name="jobs.js" path="/Users/ngundobin/Desktop/express-jobly/routes/jobs.js">
        <metrics statements="42" coveredstatements="33" conditionals="4" coveredconditionals="2" methods="7" coveredmethods="5"/>
        <line num="5" count="5" type="stmt"/>
        <line num="6" count="5" type="stmt"/>
        <line num="8" count="5" type="stmt"/>
        <line num="9" count="5" type="stmt"/>
        <line num="10" count="5" type="stmt"/>
        <line num="12" count="5" type="stmt"/>
        <line num="13" count="5" type="stmt"/>
        <line num="15" count="5" type="stmt"/>
        <line num="26" count="5" type="stmt"/>
        <line num="27" count="3" type="stmt"/>
        <line num="28" count="3" type="stmt"/>
        <line num="29" count="3" type="cond" truecount="2" falsecount="0"/>
        <line num="30" count="2" type="stmt"/>
        <line num="31" count="2" type="stmt"/>
        <line num="34" count="1" type="stmt"/>
        <line num="35" count="1" type="stmt"/>
        <line num="37" count="2" type="stmt"/>
        <line num="50" count="5" type="stmt"/>
        <line num="51" count="4" type="stmt"/>
        <line num="52" count="4" type="stmt"/>
        <line num="53" count="4" type="stmt"/>
        <line num="55" count="0" type="stmt"/>
        <line num="67" count="5" type="stmt"/>
        <line num="68" count="4" type="stmt"/>
        <line num="69" count="4" type="stmt"/>
        <line num="70" count="2" type="stmt"/>
        <line num="72" count="2" type="stmt"/>
        <line num="87" count="5" type="stmt"/>
        <line num="88" count="0" type="stmt"/>
        <line num="89" count="0" type="stmt"/>
        <line num="90" count="0" type="cond" truecount="0" falsecount="2"/>
        <line num="91" count="0" type="stmt"/>
        <line num="92" count="0" type="stmt"/>
        <line num="95" count="0" type="stmt"/>
        <line num="96" count="0" type="stmt"/>
        <line num="98" count="0" type="stmt"/>
        <line num="107" count="5" type="stmt"/>
        <line num="108" count="2" type="stmt"/>
        <line num="109" count="2" type="stmt"/>
        <line num="110" count="1" type="stmt"/>
        <line num="112" count="1" type="stmt"/>
        <line num="116" count="5" type="stmt"/>
      </file>
      <file name="users.js" path="/Users/ngundobin/Desktop/express-jobly/routes/users.js">
        <metrics statements="53" coveredstatements="46" conditionals="4" coveredconditionals="4" methods="8" coveredmethods="7"/>
        <line num="5" count="5" type="stmt"/>
        <line num="6" count="5" type="stmt"/>
        <line num="8" count="5" type="stmt"/>
        <line num="9" count="5" type="stmt"/>
        <line num="10" count="5" type="stmt"/>
        <line num="11" count="5" type="stmt"/>
        <line num="12" count="5" type="stmt"/>
        <line num="13" count="5" type="stmt"/>
        <line num="14" count="5" type="stmt"/>
        <line num="16" count="5" type="stmt"/>
        <line num="30" count="5" type="stmt"/>
        <line num="31" count="4" type="stmt"/>
        <line num="32" count="4" type="stmt"/>
        <line num="36" count="4" type="stmt"/>
        <line num="37" count="4" type="stmt"/>
        <line num="38" count="4" type="cond" truecount="2" falsecount="0"/>
        <line num="39" count="4" type="stmt"/>
        <line num="40" count="2" type="stmt"/>
        <line num="43" count="2" type="stmt"/>
        <line num="44" count="2" type="stmt"/>
        <line num="45" count="2" type="stmt"/>
        <line num="47" count="2" type="stmt"/>
        <line num="58" count="5" type="stmt"/>
        <line num="59" count="2" type="stmt"/>
        <line num="60" count="2" type="stmt"/>
        <line num="61" count="1" type="stmt"/>
        <line num="63" count="1" type="stmt"/>
        <line num="74" count="5" type="stmt"/>
        <line num="75" count="1" type="stmt"/>
        <line num="76" count="1" type="stmt"/>
        <line num="77" count="1" type="stmt"/>
        <line num="79" count="0" type="stmt"/>
        <line num="93" count="5" type="stmt"/>
        <line num="97" count="0" type="stmt"/>
        <line num="98" count="0" type="stmt"/>
        <line num="99" count="0" type="stmt"/>
        <line num="100" count="0" type="stmt"/>
        <line num="102" count="0" type="stmt"/>
        <line num="117" count="5" type="stmt"/>
        <line num="121" count="3" type="stmt"/>
        <line num="122" count="3" type="stmt"/>
        <line num="123" count="3" type="cond" truecount="2" falsecount="0"/>
        <line num="124" count="1" type="stmt"/>
        <line num="125" count="1" type="stmt"/>
        <line num="128" count="2" type="stmt"/>
        <line num="129" count="2" type="stmt"/>
        <line num="131" count="1" type="stmt"/>
        <line num="141" count="5" type="stmt"/>
        <line num="145" count="1" type="stmt"/>
        <line num="146" count="1" type="stmt"/>
        <line num="147" count="1" type="stmt"/>
        <line num="149" count="0" type="stmt"/>
        <line num="154" count="5" type="stmt"/>
      </file>
    </package>
  </project>
</coverage>
