{"/Users/ngundobin/Desktop/express-jobly/app.js": {"path":"/Users/ngundobin/Desktop/express-jobly/app.js","statementMap":{"0":{"start":{"line":5,"column":16},"end":{"line":5,"column":34}},"1":{"start":{"line":6,"column":13},"end":{"line":6,"column":28}},"2":{"start":{"line":8,"column":26},"end":{"line":8,"column":51}},"3":{"start":{"line":10,"column":28},"end":{"line":10,"column":56}},"4":{"start":{"line":11,"column":19},"end":{"line":11,"column":43}},"5":{"start":{"line":12,"column":24},"end":{"line":12,"column":53}},"6":{"start":{"line":13,"column":20},"end":{"line":13,"column":45}},"7":{"start":{"line":14,"column":19},"end":{"line":14,"column":43}},"8":{"start":{"line":16,"column":15},"end":{"line":16,"column":32}},"9":{"start":{"line":18,"column":12},"end":{"line":18,"column":21}},"10":{"start":{"line":20,"column":0},"end":{"line":20,"column":16}},"11":{"start":{"line":21,"column":0},"end":{"line":21,"column":24}},"12":{"start":{"line":22,"column":0},"end":{"line":22,"column":24}},"13":{"start":{"line":23,"column":0},"end":{"line":23,"column":25}},"14":{"start":{"line":25,"column":0},"end":{"line":25,"column":29}},"15":{"start":{"line":26,"column":0},"end":{"line":26,"column":39}},"16":{"start":{"line":27,"column":0},"end":{"line":27,"column":31}},"17":{"start":{"line":28,"column":0},"end":{"line":28,"column":29}},"18":{"start":{"line":31,"column":0},"end":{"line":33,"column":3}},"19":{"start":{"line":32,"column":1},"end":{"line":32,"column":34}},"20":{"start":{"line":36,"column":0},"end":{"line":44,"column":3}},"21":{"start":{"line":37,"column":1},"end":{"line":37,"column":63}},"22":{"start":{"line":37,"column":38},"end":{"line":37,"column":63}},"23":{"start":{"line":38,"column":16},"end":{"line":38,"column":33}},"24":{"start":{"line":39,"column":17},"end":{"line":39,"column":28}},"25":{"start":{"line":41,"column":1},"end":{"line":43,"column":4}},"26":{"start":{"line":46,"column":0},"end":{"line":46,"column":21}}},"fnMap":{"0":{"name":"(anonymous_0)","decl":{"start":{"line":31,"column":8},"end":{"line":31,"column":9}},"loc":{"start":{"line":31,"column":34},"end":{"line":33,"column":1}},"line":31},"1":{"name":"(anonymous_1)","decl":{"start":{"line":36,"column":8},"end":{"line":36,"column":9}},"loc":{"start":{"line":36,"column":39},"end":{"line":44,"column":1}},"line":36}},"branchMap":{"0":{"loc":{"start":{"line":37,"column":1},"end":{"line":37,"column":63}},"type":"if","locations":[{"start":{"line":37,"column":1},"end":{"line":37,"column":63}},{"start":{"line":37,"column":1},"end":{"line":37,"column":63}}],"line":37},"1":{"loc":{"start":{"line":38,"column":16},"end":{"line":38,"column":33}},"type":"binary-expr","locations":[{"start":{"line":38,"column":16},"end":{"line":38,"column":26}},{"start":{"line":38,"column":30},"end":{"line":38,"column":33}}],"line":38}},"s":{"0":5,"1":5,"2":5,"3":5,"4":5,"5":5,"6":5,"7":5,"8":5,"9":5,"10":5,"11":5,"12":5,"13":5,"14":5,"15":5,"16":5,"17":5,"18":5,"19":2,"20":5,"21":36,"22":1,"23":36,"24":36,"25":36,"26":5},"f":{"0":2,"1":36},"b":{"0":[1,35],"1":[36,5]},"_coverageSchema":"1a1c01bbd47fc00a2c39e90264f33305004495a9","hash":"f04ae6b003115969ec7bf21e4ea915523faeccaf"}
,"/Users/ngundobin/Desktop/express-jobly/config.js": {"path":"/Users/ngundobin/Desktop/express-jobly/config.js","statementMap":{"0":{"start":{"line":5,"column":0},"end":{"line":5,"column":27}},"1":{"start":{"line":6,"column":0},"end":{"line":6,"column":18}},"2":{"start":{"line":8,"column":19},"end":{"line":8,"column":57}},"3":{"start":{"line":10,"column":13},"end":{"line":10,"column":38}},"4":{"start":{"line":14,"column":2},"end":{"line":16,"column":44}},"5":{"start":{"line":22,"column":27},"end":{"line":22,"column":67}},"6":{"start":{"line":24,"column":0},"end":{"line":24,"column":35}},"7":{"start":{"line":25,"column":0},"end":{"line":25,"column":46}},"8":{"start":{"line":26,"column":0},"end":{"line":26,"column":45}},"9":{"start":{"line":27,"column":0},"end":{"line":27,"column":61}},"10":{"start":{"line":28,"column":0},"end":{"line":28,"column":50}},"11":{"start":{"line":29,"column":0},"end":{"line":29,"column":19}},"12":{"start":{"line":31,"column":0},"end":{"line":36,"column":2}}},"fnMap":{"0":{"name":"getDatabaseUri","decl":{"start":{"line":13,"column":9},"end":{"line":13,"column":23}},"loc":{"start":{"line":13,"column":26},"end":{"line":17,"column":1}},"line":13}},"branchMap":{"0":{"loc":{"start":{"line":8,"column":19},"end":{"line":8,"column":57}},"type":"binary-expr","locations":[{"start":{"line":8,"column":19},"end":{"line":8,"column":41}},{"start":{"line":8,"column":45},"end":{"line":8,"column":57}}],"line":8},"1":{"loc":{"start":{"line":10,"column":13},"end":{"line":10,"column":38}},"type":"binary-expr","locations":[{"start":{"line":10,"column":13},"end":{"line":10,"column":30}},{"start":{"line":10,"column":34},"end":{"line":10,"column":38}}],"line":10},"2":{"loc":{"start":{"line":14,"column":9},"end":{"line":16,"column":43}},"type":"cond-expr","locations":[{"start":{"line":15,"column":8},"end":{"line":15,"column":20}},{"start":{"line":16,"column":8},"end":{"line":16,"column":43}}],"line":14},"3":{"loc":{"start":{"line":16,"column":8},"end":{"line":16,"column":43}},"type":"binary-expr","locations":[{"start":{"line":16,"column":8},"end":{"line":16,"column":32}},{"start":{"line":16,"column":36},"end":{"line":16,"column":43}}],"line":16},"4":{"loc":{"start":{"line":22,"column":27},"end":{"line":22,"column":67}},"type":"cond-expr","locations":[{"start":{"line":22,"column":61},"end":{"line":22,"column":62}},{"start":{"line":22,"column":65},"end":{"line":22,"column":67}}],"line":22}},"s":{"0":11,"1":11,"2":11,"3":11,"4":22,"5":11,"6":11,"7":11,"8":11,"9":11,"10":11,"11":11,"12":11},"f":{"0":22},"b":{"0":[11,10],"1":[11,10],"2":[19,3],"3":[3,1],"4":[10,1]},"_coverageSchema":"1a1c01bbd47fc00a2c39e90264f33305004495a9","hash":"897d7ed4c4cce46ed3b118212ed6622fa00b068a"}
,"/Users/ngundobin/Desktop/express-jobly/db.js": {"path":"/Users/ngundobin/Desktop/express-jobly/db.js","statementMap":{"0":{"start":{"line":5,"column":19},"end":{"line":5,"column":32}},"1":{"start":{"line":6,"column":27},"end":{"line":6,"column":46}},"2":{"start":{"line":8,"column":11},"end":{"line":10,"column":2}},"3":{"start":{"line":12,"column":0},"end":{"line":12,"column":13}},"4":{"start":{"line":14,"column":0},"end":{"line":14,"column":20}}},"fnMap":{},"branchMap":{},"s":{"0":8,"1":8,"2":8,"3":8,"4":8},"f":{},"b":{},"_coverageSchema":"1a1c01bbd47fc00a2c39e90264f33305004495a9","hash":"9eb6204a4e2b60614a6459b01e01eabdcf1c2259"}
,"/Users/ngundobin/Desktop/express-jobly/expressError.js": {"path":"/Users/ngundobin/Desktop/express-jobly/expressError.js","statementMap":{"0":{"start":{"line":9,"column":2},"end":{"line":9,"column":10}},"1":{"start":{"line":10,"column":2},"end":{"line":10,"column":25}},"2":{"start":{"line":11,"column":2},"end":{"line":11,"column":23}},"3":{"start":{"line":19,"column":2},"end":{"line":19,"column":22}},"4":{"start":{"line":27,"column":2},"end":{"line":27,"column":22}},"5":{"start":{"line":35,"column":2},"end":{"line":35,"column":22}},"6":{"start":{"line":43,"column":2},"end":{"line":43,"column":22}},"7":{"start":{"line":47,"column":0},"end":{"line":53,"column":2}}},"fnMap":{"0":{"name":"(anonymous_0)","decl":{"start":{"line":8,"column":1},"end":{"line":8,"column":2}},"loc":{"start":{"line":8,"column":30},"end":{"line":12,"column":2}},"line":8},"1":{"name":"(anonymous_1)","decl":{"start":{"line":18,"column":1},"end":{"line":18,"column":2}},"loc":{"start":{"line":18,"column":36},"end":{"line":20,"column":2}},"line":18},"2":{"name":"(anonymous_2)","decl":{"start":{"line":26,"column":1},"end":{"line":26,"column":2}},"loc":{"start":{"line":26,"column":39},"end":{"line":28,"column":2}},"line":26},"3":{"name":"(anonymous_3)","decl":{"start":{"line":34,"column":1},"end":{"line":34,"column":2}},"loc":{"start":{"line":34,"column":38},"end":{"line":36,"column":2}},"line":34},"4":{"name":"(anonymous_4)","decl":{"start":{"line":42,"column":1},"end":{"line":42,"column":2}},"loc":{"start":{"line":42,"column":38},"end":{"line":44,"column":2}},"line":42}},"branchMap":{"0":{"loc":{"start":{"line":18,"column":13},"end":{"line":18,"column":34}},"type":"default-arg","locations":[{"start":{"line":18,"column":23},"end":{"line":18,"column":34}}],"line":18},"1":{"loc":{"start":{"line":26,"column":13},"end":{"line":26,"column":37}},"type":"default-arg","locations":[{"start":{"line":26,"column":23},"end":{"line":26,"column":37}}],"line":26},"2":{"loc":{"start":{"line":34,"column":13},"end":{"line":34,"column":36}},"type":"default-arg","locations":[{"start":{"line":34,"column":23},"end":{"line":34,"column":36}}],"line":34},"3":{"loc":{"start":{"line":42,"column":13},"end":{"line":42,"column":36}},"type":"default-arg","locations":[{"start":{"line":42,"column":23},"end":{"line":42,"column":36}}],"line":42}},"s":{"0":46,"1":46,"2":46,"3":11,"4":17,"5":18,"6":0,"7":10},"f":{"0":46,"1":11,"2":17,"3":18,"4":0},"b":{"0":[2],"1":[13],"2":[0],"3":[0]},"_coverageSchema":"1a1c01bbd47fc00a2c39e90264f33305004495a9","hash":"66299e8a1858f2519b51d1d0a043c933e779b339"}
,"/Users/ngundobin/Desktop/express-jobly/helpers/sql.js": {"path":"/Users/ngundobin/Desktop/express-jobly/helpers/sql.js","statementMap":{"0":{"start":{"line":1,"column":28},"end":{"line":1,"column":54}},"1":{"start":{"line":13,"column":14},"end":{"line":13,"column":39}},"2":{"start":{"line":14,"column":1},"end":{"line":14,"column":61}},"3":{"start":{"line":14,"column":24},"end":{"line":14,"column":61}},"4":{"start":{"line":17,"column":14},"end":{"line":19,"column":2}},"5":{"start":{"line":18,"column":20},"end":{"line":18,"column":66}},"6":{"start":{"line":21,"column":1},"end":{"line":24,"column":3}},"7":{"start":{"line":31,"column":1},"end":{"line":31,"column":36}},"8":{"start":{"line":31,"column":26},"end":{"line":31,"column":36}},"9":{"start":{"line":32,"column":21},"end":{"line":32,"column":23}},"10":{"start":{"line":34,"column":1},"end":{"line":36,"column":2}},"11":{"start":{"line":35,"column":2},"end":{"line":35,"column":71}},"12":{"start":{"line":38,"column":1},"end":{"line":48,"column":2}},"13":{"start":{"line":39,"column":2},"end":{"line":41,"column":4}},"14":{"start":{"line":43,"column":8},"end":{"line":48,"column":2}},"15":{"start":{"line":44,"column":2},"end":{"line":44,"column":61}},"16":{"start":{"line":46,"column":8},"end":{"line":48,"column":2}},"17":{"start":{"line":47,"column":2},"end":{"line":47,"column":60}},"18":{"start":{"line":49,"column":1},"end":{"line":49,"column":20}},"19":{"start":{"line":56,"column":1},"end":{"line":56,"column":36}},"20":{"start":{"line":56,"column":26},"end":{"line":56,"column":36}},"21":{"start":{"line":57,"column":21},"end":{"line":57,"column":23}},"22":{"start":{"line":59,"column":1},"end":{"line":61,"column":2}},"23":{"start":{"line":60,"column":2},"end":{"line":60,"column":73}},"24":{"start":{"line":63,"column":1},"end":{"line":65,"column":2}},"25":{"start":{"line":64,"column":2},"end":{"line":64,"column":51}},"26":{"start":{"line":67,"column":1},"end":{"line":69,"column":2}},"27":{"start":{"line":68,"column":2},"end":{"line":68,"column":56}},"28":{"start":{"line":70,"column":1},"end":{"line":70,"column":20}},"29":{"start":{"line":73,"column":0},"end":{"line":73,"column":68}}},"fnMap":{"0":{"name":"sqlForPartialUpdate","decl":{"start":{"line":8,"column":9},"end":{"line":8,"column":28}},"loc":{"start":{"line":8,"column":57},"end":{"line":25,"column":1}},"line":8},"1":{"name":"(anonymous_1)","decl":{"start":{"line":18,"column":2},"end":{"line":18,"column":3}},"loc":{"start":{"line":18,"column":20},"end":{"line":18,"column":66}},"line":18},"2":{"name":"queryCompanies","decl":{"start":{"line":27,"column":9},"end":{"line":27,"column":23}},"loc":{"start":{"line":27,"column":31},"end":{"line":50,"column":1}},"line":27},"3":{"name":"queryJobs","decl":{"start":{"line":52,"column":9},"end":{"line":52,"column":18}},"loc":{"start":{"line":52,"column":26},"end":{"line":71,"column":1}},"line":52}},"branchMap":{"0":{"loc":{"start":{"line":8,"column":43},"end":{"line":8,"column":55}},"type":"default-arg","locations":[{"start":{"line":8,"column":53},"end":{"line":8,"column":55}}],"line":8},"1":{"loc":{"start":{"line":14,"column":1},"end":{"line":14,"column":61}},"type":"if","locations":[{"start":{"line":14,"column":1},"end":{"line":14,"column":61}},{"start":{"line":14,"column":1},"end":{"line":14,"column":61}}],"line":14},"2":{"loc":{"start":{"line":18,"column":24},"end":{"line":18,"column":51}},"type":"binary-expr","locations":[{"start":{"line":18,"column":24},"end":{"line":18,"column":40}},{"start":{"line":18,"column":44},"end":{"line":18,"column":51}}],"line":18},"3":{"loc":{"start":{"line":31,"column":1},"end":{"line":31,"column":36}},"type":"if","locations":[{"start":{"line":31,"column":1},"end":{"line":31,"column":36}},{"start":{"line":31,"column":1},"end":{"line":31,"column":36}}],"line":31},"4":{"loc":{"start":{"line":34,"column":1},"end":{"line":36,"column":2}},"type":"if","locations":[{"start":{"line":34,"column":1},"end":{"line":36,"column":2}},{"start":{"line":34,"column":1},"end":{"line":36,"column":2}}],"line":34},"5":{"loc":{"start":{"line":38,"column":1},"end":{"line":48,"column":2}},"type":"if","locations":[{"start":{"line":38,"column":1},"end":{"line":48,"column":2}},{"start":{"line":38,"column":1},"end":{"line":48,"column":2}}],"line":38},"6":{"loc":{"start":{"line":38,"column":5},"end":{"line":38,"column":45}},"type":"binary-expr","locations":[{"start":{"line":38,"column":5},"end":{"line":38,"column":23}},{"start":{"line":38,"column":27},"end":{"line":38,"column":45}}],"line":38},"7":{"loc":{"start":{"line":43,"column":8},"end":{"line":48,"column":2}},"type":"if","locations":[{"start":{"line":43,"column":8},"end":{"line":48,"column":2}},{"start":{"line":43,"column":8},"end":{"line":48,"column":2}}],"line":43},"8":{"loc":{"start":{"line":46,"column":8},"end":{"line":48,"column":2}},"type":"if","locations":[{"start":{"line":46,"column":8},"end":{"line":48,"column":2}},{"start":{"line":46,"column":8},"end":{"line":48,"column":2}}],"line":46},"9":{"loc":{"start":{"line":56,"column":1},"end":{"line":56,"column":36}},"type":"if","locations":[{"start":{"line":56,"column":1},"end":{"line":56,"column":36}},{"start":{"line":56,"column":1},"end":{"line":56,"column":36}}],"line":56},"10":{"loc":{"start":{"line":59,"column":1},"end":{"line":61,"column":2}},"type":"if","locations":[{"start":{"line":59,"column":1},"end":{"line":61,"column":2}},{"start":{"line":59,"column":1},"end":{"line":61,"column":2}}],"line":59},"11":{"loc":{"start":{"line":63,"column":1},"end":{"line":65,"column":2}},"type":"if","locations":[{"start":{"line":63,"column":1},"end":{"line":65,"column":2}},{"start":{"line":63,"column":1},"end":{"line":65,"column":2}}],"line":63},"12":{"loc":{"start":{"line":67,"column":1},"end":{"line":69,"column":2}},"type":"if","locations":[{"start":{"line":67,"column":1},"end":{"line":69,"column":2}},{"start":{"line":67,"column":1},"end":{"line":69,"column":2}}],"line":67}},"s":{"0":9,"1":18,"2":18,"3":4,"4":14,"5":34,"6":14,"7":7,"8":1,"9":6,"10":6,"11":3,"12":6,"13":2,"14":4,"15":1,"16":3,"17":0,"18":6,"19":6,"20":1,"21":5,"22":5,"23":3,"24":5,"25":1,"26":5,"27":2,"28":5,"29":9},"f":{"0":18,"1":34,"2":7,"3":6},"b":{"0":[4],"1":[4,14],"2":[34,20],"3":[1,6],"4":[3,3],"5":[2,4],"6":[6,3],"7":[1,3],"8":[0,3],"9":[1,5],"10":[3,2],"11":[1,4],"12":[2,3]},"_coverageSchema":"1a1c01bbd47fc00a2c39e90264f33305004495a9","hash":"c56d004419d9480c1dbaf65e3c2f56b2c99fbb96"}
,"/Users/ngundobin/Desktop/express-jobly/helpers/tokens.js": {"path":"/Users/ngundobin/Desktop/express-jobly/helpers/tokens.js","statementMap":{"0":{"start":{"line":1,"column":12},"end":{"line":1,"column":35}},"1":{"start":{"line":2,"column":23},"end":{"line":2,"column":43}},"2":{"start":{"line":7,"column":2},"end":{"line":8,"column":58}},"3":{"start":{"line":10,"column":16},"end":{"line":13,"column":3}},"4":{"start":{"line":15,"column":2},"end":{"line":15,"column":39}},"5":{"start":{"line":18,"column":0},"end":{"line":18,"column":33}}},"fnMap":{"0":{"name":"createToken","decl":{"start":{"line":6,"column":9},"end":{"line":6,"column":20}},"loc":{"start":{"line":6,"column":27},"end":{"line":16,"column":1}},"line":6}},"branchMap":{"0":{"loc":{"start":{"line":12,"column":13},"end":{"line":12,"column":34}},"type":"binary-expr","locations":[{"start":{"line":12,"column":13},"end":{"line":12,"column":25}},{"start":{"line":12,"column":29},"end":{"line":12,"column":34}}],"line":12}},"s":{"0":6,"1":6,"2":15,"3":15,"4":15,"5":6},"f":{"0":15},"b":{"0":[15,9]},"_coverageSchema":"1a1c01bbd47fc00a2c39e90264f33305004495a9","hash":"d425c2918b834ecb429bd58808371384bfc88f1e"}
,"/Users/ngundobin/Desktop/express-jobly/middleware/auth.js": {"path":"/Users/ngundobin/Desktop/express-jobly/middleware/auth.js","statementMap":{"0":{"start":{"line":5,"column":12},"end":{"line":5,"column":35}},"1":{"start":{"line":6,"column":23},"end":{"line":6,"column":43}},"2":{"start":{"line":7,"column":30},"end":{"line":7,"column":56}},"3":{"start":{"line":18,"column":1},"end":{"line":27,"column":2}},"4":{"start":{"line":19,"column":21},"end":{"line":19,"column":61}},"5":{"start":{"line":20,"column":2},"end":{"line":23,"column":3}},"6":{"start":{"line":21,"column":17},"end":{"line":21,"column":61}},"7":{"start":{"line":22,"column":3},"end":{"line":22,"column":51}},"8":{"start":{"line":24,"column":2},"end":{"line":24,"column":16}},"9":{"start":{"line":26,"column":2},"end":{"line":26,"column":16}},"10":{"start":{"line":36,"column":1},"end":{"line":41,"column":2}},"11":{"start":{"line":37,"column":2},"end":{"line":37,"column":54}},"12":{"start":{"line":37,"column":24},"end":{"line":37,"column":54}},"13":{"start":{"line":38,"column":2},"end":{"line":38,"column":16}},"14":{"start":{"line":40,"column":2},"end":{"line":40,"column":19}},"15":{"start":{"line":50,"column":1},"end":{"line":56,"column":2}},"16":{"start":{"line":51,"column":2},"end":{"line":52,"column":33}},"17":{"start":{"line":52,"column":3},"end":{"line":52,"column":33}},"18":{"start":{"line":53,"column":2},"end":{"line":53,"column":16}},"19":{"start":{"line":55,"column":2},"end":{"line":55,"column":19}},"20":{"start":{"line":65,"column":1},"end":{"line":73,"column":2}},"21":{"start":{"line":66,"column":15},"end":{"line":66,"column":30}},"22":{"start":{"line":67,"column":2},"end":{"line":69,"column":3}},"23":{"start":{"line":68,"column":3},"end":{"line":68,"column":33}},"24":{"start":{"line":70,"column":2},"end":{"line":70,"column":16}},"25":{"start":{"line":72,"column":2},"end":{"line":72,"column":19}},"26":{"start":{"line":76,"column":0},"end":{"line":81,"column":2}}},"fnMap":{"0":{"name":"authenticateJWT","decl":{"start":{"line":17,"column":9},"end":{"line":17,"column":24}},"loc":{"start":{"line":17,"column":41},"end":{"line":28,"column":1}},"line":17},"1":{"name":"ensureLoggedIn","decl":{"start":{"line":35,"column":9},"end":{"line":35,"column":23}},"loc":{"start":{"line":35,"column":40},"end":{"line":42,"column":1}},"line":35},"2":{"name":"ensureAdmin","decl":{"start":{"line":49,"column":9},"end":{"line":49,"column":20}},"loc":{"start":{"line":49,"column":37},"end":{"line":57,"column":1}},"line":49},"3":{"name":"ensureCorrectUserOrAdmin","decl":{"start":{"line":64,"column":9},"end":{"line":64,"column":33}},"loc":{"start":{"line":64,"column":50},"end":{"line":74,"column":1}},"line":64}},"branchMap":{"0":{"loc":{"start":{"line":19,"column":21},"end":{"line":19,"column":61}},"type":"binary-expr","locations":[{"start":{"line":19,"column":21},"end":{"line":19,"column":32}},{"start":{"line":19,"column":36},"end":{"line":19,"column":61}}],"line":19},"1":{"loc":{"start":{"line":20,"column":2},"end":{"line":23,"column":3}},"type":"if","locations":[{"start":{"line":20,"column":2},"end":{"line":23,"column":3}},{"start":{"line":20,"column":2},"end":{"line":23,"column":3}}],"line":20},"2":{"loc":{"start":{"line":37,"column":2},"end":{"line":37,"column":54}},"type":"if","locations":[{"start":{"line":37,"column":2},"end":{"line":37,"column":54}},{"start":{"line":37,"column":2},"end":{"line":37,"column":54}}],"line":37},"3":{"loc":{"start":{"line":51,"column":2},"end":{"line":52,"column":33}},"type":"if","locations":[{"start":{"line":51,"column":2},"end":{"line":52,"column":33}},{"start":{"line":51,"column":2},"end":{"line":52,"column":33}}],"line":51},"4":{"loc":{"start":{"line":51,"column":6},"end":{"line":51,"column":50}},"type":"binary-expr","locations":[{"start":{"line":51,"column":6},"end":{"line":51,"column":22}},{"start":{"line":51,"column":26},"end":{"line":51,"column":50}}],"line":51},"5":{"loc":{"start":{"line":67,"column":2},"end":{"line":69,"column":3}},"type":"if","locations":[{"start":{"line":67,"column":2},"end":{"line":69,"column":3}},{"start":{"line":67,"column":2},"end":{"line":69,"column":3}}],"line":67},"6":{"loc":{"start":{"line":67,"column":8},"end":{"line":67,"column":71}},"type":"binary-expr","locations":[{"start":{"line":67,"column":8},"end":{"line":67,"column":12}},{"start":{"line":67,"column":17},"end":{"line":67,"column":29}},{"start":{"line":67,"column":33},"end":{"line":67,"column":70}}],"line":67}},"s":{"0":6,"1":6,"2":6,"3":62,"4":62,"5":62,"6":31,"7":31,"8":61,"9":1,"10":2,"11":2,"12":1,"13":1,"14":1,"15":28,"16":28,"17":8,"18":20,"19":8,"20":8,"21":8,"22":8,"23":4,"24":4,"25":4,"26":6},"f":{"0":62,"1":2,"2":28,"3":8},"b":{"0":[62,61],"1":[31,31],"2":[1,1],"3":[8,20],"4":[28,22],"5":[4,4],"6":[8,6,6]},"_coverageSchema":"1a1c01bbd47fc00a2c39e90264f33305004495a9","hash":"09f0252d0d94afc1768b039e15cd19baaf888698"}
,"/Users/ngundobin/Desktop/express-jobly/models/_testCommon.js": {"path":"/Users/ngundobin/Desktop/express-jobly/models/_testCommon.js","statementMap":{"0":{"start":{"line":1,"column":15},"end":{"line":1,"column":32}},"1":{"start":{"line":3,"column":11},"end":{"line":3,"column":30}},"2":{"start":{"line":4,"column":31},"end":{"line":4,"column":51}},"3":{"start":{"line":6,"column":15},"end":{"line":6,"column":17}},"4":{"start":{"line":10,"column":1},"end":{"line":10,"column":41}},"5":{"start":{"line":12,"column":1},"end":{"line":12,"column":37}},"6":{"start":{"line":14,"column":1},"end":{"line":18,"column":55}},"7":{"start":{"line":20,"column":14},"end":{"line":30,"column":3}},"8":{"start":{"line":31,"column":1},"end":{"line":31,"column":44}},"9":{"start":{"line":31,"column":37},"end":{"line":31,"column":41}},"10":{"start":{"line":32,"column":1},"end":{"line":46,"column":3}},"11":{"start":{"line":48,"column":1},"end":{"line":54,"column":3}},"12":{"start":{"line":58,"column":1},"end":{"line":58,"column":25}},"13":{"start":{"line":62,"column":1},"end":{"line":62,"column":28}},"14":{"start":{"line":66,"column":1},"end":{"line":66,"column":16}},"15":{"start":{"line":69,"column":0},"end":{"line":75,"column":2}}},"fnMap":{"0":{"name":"commonBeforeAll","decl":{"start":{"line":8,"column":15},"end":{"line":8,"column":30}},"loc":{"start":{"line":8,"column":33},"end":{"line":55,"column":1}},"line":8},"1":{"name":"(anonymous_1)","decl":{"start":{"line":31,"column":30},"end":{"line":31,"column":31}},"loc":{"start":{"line":31,"column":37},"end":{"line":31,"column":41}},"line":31},"2":{"name":"commonBeforeEach","decl":{"start":{"line":57,"column":15},"end":{"line":57,"column":31}},"loc":{"start":{"line":57,"column":34},"end":{"line":59,"column":1}},"line":57},"3":{"name":"commonAfterEach","decl":{"start":{"line":61,"column":15},"end":{"line":61,"column":30}},"loc":{"start":{"line":61,"column":33},"end":{"line":63,"column":1}},"line":61},"4":{"name":"commonAfterAll","decl":{"start":{"line":65,"column":15},"end":{"line":65,"column":29}},"loc":{"start":{"line":65,"column":32},"end":{"line":67,"column":1}},"line":65}},"branchMap":{},"s":{"0":3,"1":3,"2":3,"3":3,"4":3,"5":3,"6":3,"7":3,"8":3,"9":21,"10":3,"11":3,"12":39,"13":39,"14":3,"15":3},"f":{"0":3,"1":21,"2":39,"3":39,"4":3},"b":{},"_coverageSchema":"1a1c01bbd47fc00a2c39e90264f33305004495a9","hash":"5d82b33be43b4a1bf99da2e426ebeee6ba7e3894"}
,"/Users/ngundobin/Desktop/express-jobly/models/company.js": {"path":"/Users/ngundobin/Desktop/express-jobly/models/company.js","statementMap":{"0":{"start":{"line":3,"column":11},"end":{"line":3,"column":27}},"1":{"start":{"line":4,"column":43},"end":{"line":4,"column":69}},"2":{"start":{"line":5,"column":48},"end":{"line":5,"column":73}},"3":{"start":{"line":20,"column":25},"end":{"line":25,"column":3}},"4":{"start":{"line":27,"column":2},"end":{"line":28,"column":61}},"5":{"start":{"line":28,"column":3},"end":{"line":28,"column":61}},"6":{"start":{"line":30,"column":17},"end":{"line":36,"column":3}},"7":{"start":{"line":37,"column":18},"end":{"line":37,"column":32}},"8":{"start":{"line":39,"column":2},"end":{"line":39,"column":17}},"9":{"start":{"line":48,"column":21},"end":{"line":48,"column":42}},"10":{"start":{"line":50,"column":23},"end":{"line":58,"column":3}},"11":{"start":{"line":59,"column":2},"end":{"line":59,"column":27}},"12":{"start":{"line":71,"column":21},"end":{"line":80,"column":3}},"13":{"start":{"line":82,"column":18},"end":{"line":82,"column":36}},"14":{"start":{"line":84,"column":2},"end":{"line":84,"column":65}},"15":{"start":{"line":84,"column":16},"end":{"line":84,"column":65}},"16":{"start":{"line":86,"column":21},"end":{"line":92,"column":3}},"17":{"start":{"line":93,"column":2},"end":{"line":93,"column":33}},"18":{"start":{"line":94,"column":2},"end":{"line":94,"column":17}},"19":{"start":{"line":110,"column":30},"end":{"line":113,"column":4}},"20":{"start":{"line":114,"column":23},"end":{"line":114,"column":48}},"21":{"start":{"line":116,"column":19},"end":{"line":123,"column":54}},"22":{"start":{"line":124,"column":17},"end":{"line":124,"column":62}},"23":{"start":{"line":125,"column":18},"end":{"line":125,"column":32}},"24":{"start":{"line":127,"column":2},"end":{"line":127,"column":65}},"25":{"start":{"line":127,"column":16},"end":{"line":127,"column":65}},"26":{"start":{"line":129,"column":2},"end":{"line":129,"column":17}},"27":{"start":{"line":138,"column":17},"end":{"line":144,"column":3}},"28":{"start":{"line":145,"column":18},"end":{"line":145,"column":32}},"29":{"start":{"line":147,"column":2},"end":{"line":147,"column":65}},"30":{"start":{"line":147,"column":16},"end":{"line":147,"column":65}},"31":{"start":{"line":151,"column":0},"end":{"line":151,"column":25}}},"fnMap":{"0":{"name":"(anonymous_0)","decl":{"start":{"line":19,"column":1},"end":{"line":19,"column":2}},"loc":{"start":{"line":19,"column":75},"end":{"line":40,"column":2}},"line":19},"1":{"name":"(anonymous_1)","decl":{"start":{"line":47,"column":1},"end":{"line":47,"column":2}},"loc":{"start":{"line":47,"column":29},"end":{"line":60,"column":2}},"line":47},"2":{"name":"(anonymous_2)","decl":{"start":{"line":70,"column":1},"end":{"line":70,"column":2}},"loc":{"start":{"line":70,"column":26},"end":{"line":95,"column":2}},"line":70},"3":{"name":"(anonymous_3)","decl":{"start":{"line":109,"column":1},"end":{"line":109,"column":2}},"loc":{"start":{"line":109,"column":35},"end":{"line":130,"column":2}},"line":109},"4":{"name":"(anonymous_4)","decl":{"start":{"line":137,"column":1},"end":{"line":137,"column":2}},"loc":{"start":{"line":137,"column":29},"end":{"line":148,"column":2}},"line":137}},"branchMap":{"0":{"loc":{"start":{"line":27,"column":2},"end":{"line":28,"column":61}},"type":"if","locations":[{"start":{"line":27,"column":2},"end":{"line":28,"column":61}},{"start":{"line":27,"column":2},"end":{"line":28,"column":61}}],"line":27},"1":{"loc":{"start":{"line":56,"column":10},"end":{"line":56,"column":70}},"type":"cond-expr","locations":[{"start":{"line":56,"column":30},"end":{"line":56,"column":65}},{"start":{"line":56,"column":68},"end":{"line":56,"column":70}}],"line":56},"2":{"loc":{"start":{"line":84,"column":2},"end":{"line":84,"column":65}},"type":"if","locations":[{"start":{"line":84,"column":2},"end":{"line":84,"column":65}},{"start":{"line":84,"column":2},"end":{"line":84,"column":65}}],"line":84},"3":{"loc":{"start":{"line":127,"column":2},"end":{"line":127,"column":65}},"type":"if","locations":[{"start":{"line":127,"column":2},"end":{"line":127,"column":65}},{"start":{"line":127,"column":2},"end":{"line":127,"column":65}}],"line":127},"4":{"loc":{"start":{"line":147,"column":2},"end":{"line":147,"column":65}},"type":"if","locations":[{"start":{"line":147,"column":2},"end":{"line":147,"column":65}},{"start":{"line":147,"column":2},"end":{"line":147,"column":65}}],"line":147}},"s":{"0":6,"1":6,"2":6,"3":16,"4":16,"5":1,"6":15,"7":15,"8":15,"9":6,"10":6,"11":5,"12":5,"13":5,"14":5,"15":2,"16":3,"17":3,"18":3,"19":6,"20":5,"21":5,"22":5,"23":5,"24":5,"25":2,"26":3,"27":4,"28":4,"29":4,"30":2,"31":6},"f":{"0":16,"1":6,"2":5,"3":6,"4":4},"b":{"0":[1,15],"1":[3,3],"2":[2,3],"3":[2,3],"4":[2,2]},"_coverageSchema":"1a1c01bbd47fc00a2c39e90264f33305004495a9","hash":"e8d20b5165c7b35009cb21e92dfe7ce8f098ad50"}
,"/Users/ngundobin/Desktop/express-jobly/models/job.js": {"path":"/Users/ngundobin/Desktop/express-jobly/models/job.js","statementMap":{"0":{"start":{"line":8,"column":11},"end":{"line":8,"column":27}},"1":{"start":{"line":9,"column":43},"end":{"line":9,"column":68}},"2":{"start":{"line":22,"column":17},"end":{"line":29,"column":3}},"3":{"start":{"line":30,"column":2},"end":{"line":30,"column":24}},"4":{"start":{"line":39,"column":21},"end":{"line":39,"column":37}},"5":{"start":{"line":41,"column":17},"end":{"line":49,"column":3}},"6":{"start":{"line":50,"column":2},"end":{"line":50,"column":21}},"7":{"start":{"line":62,"column":17},"end":{"line":71,"column":3}},"8":{"start":{"line":73,"column":14},"end":{"line":73,"column":28}},"9":{"start":{"line":74,"column":2},"end":{"line":74,"column":53}},"10":{"start":{"line":74,"column":12},"end":{"line":74,"column":53}},"11":{"start":{"line":75,"column":18},"end":{"line":85,"column":3}},"12":{"start":{"line":86,"column":2},"end":{"line":86,"column":27}},"13":{"start":{"line":87,"column":2},"end":{"line":87,"column":32}},"14":{"start":{"line":88,"column":2},"end":{"line":88,"column":13}},"15":{"start":{"line":104,"column":30},"end":{"line":104,"column":55}},"16":{"start":{"line":105,"column":19},"end":{"line":105,"column":44}},"17":{"start":{"line":107,"column":19},"end":{"line":112,"column":39}},"18":{"start":{"line":113,"column":17},"end":{"line":113,"column":58}},"19":{"start":{"line":114,"column":14},"end":{"line":114,"column":28}},"20":{"start":{"line":116,"column":2},"end":{"line":116,"column":53}},"21":{"start":{"line":116,"column":12},"end":{"line":116,"column":53}},"22":{"start":{"line":118,"column":2},"end":{"line":118,"column":13}},"23":{"start":{"line":127,"column":17},"end":{"line":133,"column":3}},"24":{"start":{"line":134,"column":14},"end":{"line":134,"column":28}},"25":{"start":{"line":136,"column":2},"end":{"line":136,"column":53}},"26":{"start":{"line":136,"column":12},"end":{"line":136,"column":53}},"27":{"start":{"line":140,"column":0},"end":{"line":140,"column":21}}},"fnMap":{"0":{"name":"(anonymous_0)","decl":{"start":{"line":21,"column":1},"end":{"line":21,"column":2}},"loc":{"start":{"line":21,"column":63},"end":{"line":31,"column":2}},"line":21},"1":{"name":"(anonymous_1)","decl":{"start":{"line":38,"column":1},"end":{"line":38,"column":2}},"loc":{"start":{"line":38,"column":29},"end":{"line":51,"column":2}},"line":38},"2":{"name":"(anonymous_2)","decl":{"start":{"line":61,"column":1},"end":{"line":61,"column":2}},"loc":{"start":{"line":61,"column":22},"end":{"line":89,"column":2}},"line":61},"3":{"name":"(anonymous_3)","decl":{"start":{"line":103,"column":1},"end":{"line":103,"column":2}},"loc":{"start":{"line":103,"column":31},"end":{"line":119,"column":2}},"line":103},"4":{"name":"(anonymous_4)","decl":{"start":{"line":126,"column":1},"end":{"line":126,"column":2}},"loc":{"start":{"line":126,"column":25},"end":{"line":137,"column":2}},"line":126}},"branchMap":{"0":{"loc":{"start":{"line":47,"column":10},"end":{"line":47,"column":70}},"type":"cond-expr","locations":[{"start":{"line":47,"column":30},"end":{"line":47,"column":65}},{"start":{"line":47,"column":68},"end":{"line":47,"column":70}}],"line":47},"1":{"loc":{"start":{"line":74,"column":2},"end":{"line":74,"column":53}},"type":"if","locations":[{"start":{"line":74,"column":2},"end":{"line":74,"column":53}},{"start":{"line":74,"column":2},"end":{"line":74,"column":53}}],"line":74},"2":{"loc":{"start":{"line":116,"column":2},"end":{"line":116,"column":53}},"type":"if","locations":[{"start":{"line":116,"column":2},"end":{"line":116,"column":53}},{"start":{"line":116,"column":2},"end":{"line":116,"column":53}}],"line":116},"3":{"loc":{"start":{"line":136,"column":2},"end":{"line":136,"column":53}},"type":"if","locations":[{"start":{"line":136,"column":2},"end":{"line":136,"column":53}},{"start":{"line":136,"column":2},"end":{"line":136,"column":53}}],"line":136}},"s":{"0":6,"1":6,"2":14,"3":14,"4":6,"5":6,"6":6,"7":4,"8":3,"9":3,"10":1,"11":2,"12":2,"13":2,"14":2,"15":4,"16":3,"17":3,"18":3,"19":3,"20":3,"21":1,"22":2,"23":3,"24":2,"25":2,"26":0,"27":6},"f":{"0":14,"1":6,"2":4,"3":4,"4":3},"b":{"0":[4,2],"1":[1,2],"2":[1,2],"3":[0,2]},"_coverageSchema":"1a1c01bbd47fc00a2c39e90264f33305004495a9","hash":"86b7cfc99f516b4203728ac7e8316e52204bf2bc"}
,"/Users/ngundobin/Desktop/express-jobly/models/user.js": {"path":"/Users/ngundobin/Desktop/express-jobly/models/user.js","statementMap":{"0":{"start":{"line":3,"column":11},"end":{"line":3,"column":27}},"1":{"start":{"line":4,"column":15},"end":{"line":4,"column":32}},"2":{"start":{"line":5,"column":32},"end":{"line":5,"column":57}},"3":{"start":{"line":10,"column":4},"end":{"line":10,"column":30}},"4":{"start":{"line":12,"column":31},"end":{"line":12,"column":54}},"5":{"start":{"line":26,"column":17},"end":{"line":36,"column":3}},"6":{"start":{"line":38,"column":15},"end":{"line":38,"column":29}},"7":{"start":{"line":40,"column":2},"end":{"line":47,"column":3}},"8":{"start":{"line":42,"column":19},"end":{"line":42,"column":64}},"9":{"start":{"line":43,"column":3},"end":{"line":46,"column":4}},"10":{"start":{"line":44,"column":4},"end":{"line":44,"column":25}},"11":{"start":{"line":45,"column":4},"end":{"line":45,"column":16}},"12":{"start":{"line":49,"column":2},"end":{"line":49,"column":59}},"13":{"start":{"line":67,"column":25},"end":{"line":72,"column":3}},"14":{"start":{"line":74,"column":2},"end":{"line":76,"column":3}},"15":{"start":{"line":75,"column":3},"end":{"line":75,"column":64}},"16":{"start":{"line":78,"column":25},"end":{"line":78,"column":72}},"17":{"start":{"line":80,"column":17},"end":{"line":91,"column":3}},"18":{"start":{"line":93,"column":15},"end":{"line":93,"column":29}},"19":{"start":{"line":95,"column":2},"end":{"line":95,"column":14}},"20":{"start":{"line":104,"column":17},"end":{"line":112,"column":3}},"21":{"start":{"line":114,"column":2},"end":{"line":114,"column":21}},"22":{"start":{"line":126,"column":18},"end":{"line":135,"column":3}},"23":{"start":{"line":137,"column":15},"end":{"line":137,"column":30}},"24":{"start":{"line":139,"column":2},"end":{"line":139,"column":61}},"25":{"start":{"line":139,"column":13},"end":{"line":139,"column":61}},"26":{"start":{"line":141,"column":19},"end":{"line":147,"column":3}},"27":{"start":{"line":149,"column":2},"end":{"line":149,"column":53}},"28":{"start":{"line":149,"column":41},"end":{"line":149,"column":51}},"29":{"start":{"line":151,"column":2},"end":{"line":151,"column":14}},"30":{"start":{"line":164,"column":19},"end":{"line":169,"column":3}},"31":{"start":{"line":170,"column":14},"end":{"line":170,"column":30}},"32":{"start":{"line":172,"column":2},"end":{"line":172,"column":53}},"33":{"start":{"line":172,"column":12},"end":{"line":172,"column":53}},"34":{"start":{"line":174,"column":20},"end":{"line":179,"column":3}},"35":{"start":{"line":180,"column":15},"end":{"line":180,"column":32}},"36":{"start":{"line":182,"column":2},"end":{"line":182,"column":65}},"37":{"start":{"line":182,"column":13},"end":{"line":182,"column":65}},"38":{"start":{"line":184,"column":23},"end":{"line":195,"column":3}},"39":{"start":{"line":197,"column":22},"end":{"line":197,"column":42}},"40":{"start":{"line":198,"column":2},"end":{"line":198,"column":21}},"41":{"start":{"line":219,"column":2},"end":{"line":221,"column":3}},"42":{"start":{"line":220,"column":3},"end":{"line":220,"column":72}},"43":{"start":{"line":223,"column":30},"end":{"line":227,"column":4}},"44":{"start":{"line":228,"column":25},"end":{"line":228,"column":50}},"45":{"start":{"line":230,"column":19},"end":{"line":237,"column":54}},"46":{"start":{"line":238,"column":17},"end":{"line":238,"column":64}},"47":{"start":{"line":239,"column":15},"end":{"line":239,"column":29}},"48":{"start":{"line":241,"column":2},"end":{"line":241,"column":61}},"49":{"start":{"line":241,"column":13},"end":{"line":241,"column":61}},"50":{"start":{"line":243,"column":2},"end":{"line":243,"column":23}},"51":{"start":{"line":244,"column":2},"end":{"line":244,"column":14}},"52":{"start":{"line":250,"column":15},"end":{"line":256,"column":3}},"53":{"start":{"line":257,"column":15},"end":{"line":257,"column":29}},"54":{"start":{"line":259,"column":2},"end":{"line":259,"column":61}},"55":{"start":{"line":259,"column":13},"end":{"line":259,"column":61}},"56":{"start":{"line":263,"column":0},"end":{"line":263,"column":22}}},"fnMap":{"0":{"name":"(anonymous_0)","decl":{"start":{"line":24,"column":1},"end":{"line":24,"column":2}},"loc":{"start":{"line":24,"column":47},"end":{"line":50,"column":2}},"line":24},"1":{"name":"(anonymous_1)","decl":{"start":{"line":59,"column":1},"end":{"line":59,"column":2}},"loc":{"start":{"line":66,"column":4},"end":{"line":96,"column":2}},"line":66},"2":{"name":"(anonymous_2)","decl":{"start":{"line":103,"column":1},"end":{"line":103,"column":2}},"loc":{"start":{"line":103,"column":24},"end":{"line":115,"column":2}},"line":103},"3":{"name":"(anonymous_3)","decl":{"start":{"line":125,"column":1},"end":{"line":125,"column":2}},"loc":{"start":{"line":125,"column":28},"end":{"line":152,"column":2}},"line":125},"4":{"name":"(anonymous_4)","decl":{"start":{"line":149,"column":32},"end":{"line":149,"column":33}},"loc":{"start":{"line":149,"column":41},"end":{"line":149,"column":51}},"line":149},"5":{"name":"(anonymous_5)","decl":{"start":{"line":162,"column":1},"end":{"line":162,"column":2}},"loc":{"start":{"line":162,"column":35},"end":{"line":199,"column":2}},"line":162},"6":{"name":"(anonymous_6)","decl":{"start":{"line":218,"column":1},"end":{"line":218,"column":2}},"loc":{"start":{"line":218,"column":37},"end":{"line":245,"column":2}},"line":218},"7":{"name":"(anonymous_7)","decl":{"start":{"line":249,"column":1},"end":{"line":249,"column":2}},"loc":{"start":{"line":249,"column":31},"end":{"line":260,"column":2}},"line":249}},"branchMap":{"0":{"loc":{"start":{"line":40,"column":2},"end":{"line":47,"column":3}},"type":"if","locations":[{"start":{"line":40,"column":2},"end":{"line":47,"column":3}},{"start":{"line":40,"column":2},"end":{"line":47,"column":3}}],"line":40},"1":{"loc":{"start":{"line":43,"column":3},"end":{"line":46,"column":4}},"type":"if","locations":[{"start":{"line":43,"column":3},"end":{"line":46,"column":4}},{"start":{"line":43,"column":3},"end":{"line":46,"column":4}}],"line":43},"2":{"loc":{"start":{"line":74,"column":2},"end":{"line":76,"column":3}},"type":"if","locations":[{"start":{"line":74,"column":2},"end":{"line":76,"column":3}},{"start":{"line":74,"column":2},"end":{"line":76,"column":3}}],"line":74},"3":{"loc":{"start":{"line":139,"column":2},"end":{"line":139,"column":61}},"type":"if","locations":[{"start":{"line":139,"column":2},"end":{"line":139,"column":61}},{"start":{"line":139,"column":2},"end":{"line":139,"column":61}}],"line":139},"4":{"loc":{"start":{"line":172,"column":2},"end":{"line":172,"column":53}},"type":"if","locations":[{"start":{"line":172,"column":2},"end":{"line":172,"column":53}},{"start":{"line":172,"column":2},"end":{"line":172,"column":53}}],"line":172},"5":{"loc":{"start":{"line":182,"column":2},"end":{"line":182,"column":65}},"type":"if","locations":[{"start":{"line":182,"column":2},"end":{"line":182,"column":65}},{"start":{"line":182,"column":2},"end":{"line":182,"column":65}}],"line":182},"6":{"loc":{"start":{"line":219,"column":2},"end":{"line":221,"column":3}},"type":"if","locations":[{"start":{"line":219,"column":2},"end":{"line":221,"column":3}},{"start":{"line":219,"column":2},"end":{"line":221,"column":3}}],"line":219},"7":{"loc":{"start":{"line":241,"column":2},"end":{"line":241,"column":61}},"type":"if","locations":[{"start":{"line":241,"column":2},"end":{"line":241,"column":61}},{"start":{"line":241,"column":2},"end":{"line":241,"column":61}}],"line":241},"8":{"loc":{"start":{"line":259,"column":2},"end":{"line":259,"column":61}},"type":"if","locations":[{"start":{"line":259,"column":2},"end":{"line":259,"column":61}},{"start":{"line":259,"column":2},"end":{"line":259,"column":61}}],"line":259}},"s":{"0":6,"1":6,"2":6,"3":6,"4":6,"5":7,"6":7,"7":7,"8":4,"9":4,"10":3,"11":3,"12":4,"13":19,"14":19,"15":1,"16":18,"17":18,"18":18,"19":18,"20":3,"21":2,"22":4,"23":4,"24":4,"25":1,"26":3,"27":3,"28":3,"29":3,"30":1,"31":1,"32":1,"33":0,"34":1,"35":1,"36":1,"37":0,"38":1,"39":1,"40":1,"41":6,"42":2,"43":6,"44":5,"45":5,"46":5,"47":5,"48":5,"49":1,"50":4,"51":4,"52":3,"53":3,"54":3,"55":1,"56":6},"f":{"0":7,"1":19,"2":3,"3":4,"4":3,"5":1,"6":6,"7":3},"b":{"0":[4,3],"1":[3,1],"2":[1,18],"3":[1,3],"4":[0,1],"5":[0,1],"6":[2,4],"7":[1,4],"8":[1,2]},"_coverageSchema":"1a1c01bbd47fc00a2c39e90264f33305004495a9","hash":"8791d702d711cd6b2fe69d0068d108cd99258115"}
,"/Users/ngundobin/Desktop/express-jobly/routes/_testCommon.js": {"path":"/Users/ngundobin/Desktop/express-jobly/routes/_testCommon.js","statementMap":{"0":{"start":{"line":3,"column":11},"end":{"line":3,"column":30}},"1":{"start":{"line":4,"column":13},"end":{"line":4,"column":38}},"2":{"start":{"line":5,"column":16},"end":{"line":5,"column":44}},"3":{"start":{"line":6,"column":12},"end":{"line":6,"column":36}},"4":{"start":{"line":7,"column":24},"end":{"line":7,"column":52}},"5":{"start":{"line":9,"column":15},"end":{"line":9,"column":17}},"6":{"start":{"line":13,"column":1},"end":{"line":13,"column":37}},"7":{"start":{"line":15,"column":1},"end":{"line":15,"column":41}},"8":{"start":{"line":17,"column":1},"end":{"line":23,"column":4}},"9":{"start":{"line":24,"column":1},"end":{"line":30,"column":4}},"10":{"start":{"line":31,"column":1},"end":{"line":37,"column":4}},"11":{"start":{"line":39,"column":1},"end":{"line":46,"column":6}},"12":{"start":{"line":48,"column":1},"end":{"line":55,"column":6}},"13":{"start":{"line":57,"column":1},"end":{"line":64,"column":6}},"14":{"start":{"line":66,"column":1},"end":{"line":73,"column":4}},"15":{"start":{"line":74,"column":1},"end":{"line":81,"column":4}},"16":{"start":{"line":82,"column":1},"end":{"line":89,"column":4}},"17":{"start":{"line":93,"column":1},"end":{"line":93,"column":25}},"18":{"start":{"line":97,"column":1},"end":{"line":97,"column":28}},"19":{"start":{"line":101,"column":1},"end":{"line":101,"column":16}},"20":{"start":{"line":104,"column":16},"end":{"line":104,"column":63}},"21":{"start":{"line":105,"column":19},"end":{"line":105,"column":68}},"22":{"start":{"line":107,"column":0},"end":{"line":115,"column":2}}},"fnMap":{"0":{"name":"commonBeforeAll","decl":{"start":{"line":11,"column":15},"end":{"line":11,"column":30}},"loc":{"start":{"line":11,"column":33},"end":{"line":90,"column":1}},"line":11},"1":{"name":"commonBeforeEach","decl":{"start":{"line":92,"column":15},"end":{"line":92,"column":31}},"loc":{"start":{"line":92,"column":34},"end":{"line":94,"column":1}},"line":92},"2":{"name":"commonAfterEach","decl":{"start":{"line":96,"column":15},"end":{"line":96,"column":30}},"loc":{"start":{"line":96,"column":33},"end":{"line":98,"column":1}},"line":96},"3":{"name":"commonAfterAll","decl":{"start":{"line":100,"column":15},"end":{"line":100,"column":29}},"loc":{"start":{"line":100,"column":32},"end":{"line":102,"column":1}},"line":100}},"branchMap":{},"s":{"0":4,"1":4,"2":4,"3":4,"4":4,"5":4,"6":4,"7":4,"8":4,"9":4,"10":4,"11":4,"12":4,"13":4,"14":4,"15":4,"16":4,"17":57,"18":57,"19":4,"20":4,"21":4,"22":4},"f":{"0":4,"1":57,"2":57,"3":4},"b":{},"_coverageSchema":"1a1c01bbd47fc00a2c39e90264f33305004495a9","hash":"e23692fb2050915c6b4970b174ccb19847ac8511"}
,"/Users/ngundobin/Desktop/express-jobly/routes/auth.js": {"path":"/Users/ngundobin/Desktop/express-jobly/routes/auth.js","statementMap":{"0":{"start":{"line":5,"column":19},"end":{"line":5,"column":40}},"1":{"start":{"line":7,"column":13},"end":{"line":7,"column":38}},"2":{"start":{"line":8,"column":16},"end":{"line":8,"column":34}},"3":{"start":{"line":9,"column":15},"end":{"line":9,"column":35}},"4":{"start":{"line":10,"column":24},"end":{"line":10,"column":52}},"5":{"start":{"line":11,"column":23},"end":{"line":11,"column":58}},"6":{"start":{"line":12,"column":27},"end":{"line":12,"column":66}},"7":{"start":{"line":13,"column":28},"end":{"line":13,"column":54}},"8":{"start":{"line":22,"column":0},"end":{"line":37,"column":3}},"9":{"start":{"line":23,"column":2},"end":{"line":36,"column":3}},"10":{"start":{"line":24,"column":22},"end":{"line":24,"column":67}},"11":{"start":{"line":25,"column":4},"end":{"line":28,"column":5}},"12":{"start":{"line":26,"column":19},"end":{"line":26,"column":53}},"13":{"start":{"line":26,"column":45},"end":{"line":26,"column":52}},"14":{"start":{"line":27,"column":6},"end":{"line":27,"column":38}},"15":{"start":{"line":30,"column":35},"end":{"line":30,"column":43}},"16":{"start":{"line":31,"column":17},"end":{"line":31,"column":60}},"17":{"start":{"line":32,"column":18},"end":{"line":32,"column":35}},"18":{"start":{"line":33,"column":4},"end":{"line":33,"column":31}},"19":{"start":{"line":35,"column":4},"end":{"line":35,"column":21}},"20":{"start":{"line":49,"column":0},"end":{"line":63,"column":3}},"21":{"start":{"line":50,"column":2},"end":{"line":62,"column":3}},"22":{"start":{"line":51,"column":22},"end":{"line":51,"column":71}},"23":{"start":{"line":52,"column":4},"end":{"line":55,"column":5}},"24":{"start":{"line":53,"column":19},"end":{"line":53,"column":53}},"25":{"start":{"line":53,"column":45},"end":{"line":53,"column":52}},"26":{"start":{"line":54,"column":6},"end":{"line":54,"column":38}},"27":{"start":{"line":57,"column":20},"end":{"line":57,"column":72}},"28":{"start":{"line":58,"column":18},"end":{"line":58,"column":38}},"29":{"start":{"line":59,"column":4},"end":{"line":59,"column":43}},"30":{"start":{"line":61,"column":4},"end":{"line":61,"column":21}},"31":{"start":{"line":66,"column":0},"end":{"line":66,"column":24}}},"fnMap":{"0":{"name":"(anonymous_0)","decl":{"start":{"line":22,"column":22},"end":{"line":22,"column":23}},"loc":{"start":{"line":22,"column":54},"end":{"line":37,"column":1}},"line":22},"1":{"name":"(anonymous_1)","decl":{"start":{"line":26,"column":40},"end":{"line":26,"column":41}},"loc":{"start":{"line":26,"column":45},"end":{"line":26,"column":52}},"line":26},"2":{"name":"(anonymous_2)","decl":{"start":{"line":49,"column":25},"end":{"line":49,"column":26}},"loc":{"start":{"line":49,"column":57},"end":{"line":63,"column":1}},"line":49},"3":{"name":"(anonymous_3)","decl":{"start":{"line":53,"column":40},"end":{"line":53,"column":41}},"loc":{"start":{"line":53,"column":45},"end":{"line":53,"column":52}},"line":53}},"branchMap":{"0":{"loc":{"start":{"line":25,"column":4},"end":{"line":28,"column":5}},"type":"if","locations":[{"start":{"line":25,"column":4},"end":{"line":28,"column":5}},{"start":{"line":25,"column":4},"end":{"line":28,"column":5}}],"line":25},"1":{"loc":{"start":{"line":52,"column":4},"end":{"line":55,"column":5}},"type":"if","locations":[{"start":{"line":52,"column":4},"end":{"line":55,"column":5}},{"start":{"line":52,"column":4},"end":{"line":55,"column":5}}],"line":52}},"s":{"0":5,"1":5,"2":5,"3":5,"4":5,"5":5,"6":5,"7":5,"8":5,"9":5,"10":5,"11":5,"12":2,"13":2,"14":2,"15":3,"16":3,"17":1,"18":1,"19":4,"20":5,"21":3,"22":3,"23":3,"24":2,"25":5,"26":2,"27":1,"28":1,"29":1,"30":2,"31":5},"f":{"0":5,"1":2,"2":3,"3":5},"b":{"0":[2,3],"1":[2,1]},"_coverageSchema":"1a1c01bbd47fc00a2c39e90264f33305004495a9","hash":"665fd8f672244452c8529adbb6601a150ac2f5ae"}
,"/Users/ngundobin/Desktop/express-jobly/routes/companies.js": {"path":"/Users/ngundobin/Desktop/express-jobly/routes/companies.js","statementMap":{"0":{"start":{"line":5,"column":19},"end":{"line":5,"column":40}},"1":{"start":{"line":6,"column":16},"end":{"line":6,"column":34}},"2":{"start":{"line":8,"column":28},"end":{"line":8,"column":54}},"3":{"start":{"line":9,"column":24},"end":{"line":9,"column":53}},"4":{"start":{"line":10,"column":16},"end":{"line":10,"column":44}},"5":{"start":{"line":12,"column":25},"end":{"line":12,"column":62}},"6":{"start":{"line":13,"column":28},"end":{"line":13,"column":68}},"7":{"start":{"line":15,"column":15},"end":{"line":15,"column":35}},"8":{"start":{"line":26,"column":0},"end":{"line":39,"column":3}},"9":{"start":{"line":27,"column":1},"end":{"line":38,"column":2}},"10":{"start":{"line":28,"column":20},"end":{"line":28,"column":67}},"11":{"start":{"line":29,"column":2},"end":{"line":32,"column":3}},"12":{"start":{"line":30,"column":16},"end":{"line":30,"column":52}},"13":{"start":{"line":30,"column":44},"end":{"line":30,"column":51}},"14":{"start":{"line":31,"column":3},"end":{"line":31,"column":35}},"15":{"start":{"line":34,"column":18},"end":{"line":34,"column":48}},"16":{"start":{"line":35,"column":2},"end":{"line":35,"column":43}},"17":{"start":{"line":37,"column":2},"end":{"line":37,"column":19}},"18":{"start":{"line":52,"column":0},"end":{"line":59,"column":3}},"19":{"start":{"line":53,"column":1},"end":{"line":58,"column":2}},"20":{"start":{"line":54,"column":20},"end":{"line":54,"column":52}},"21":{"start":{"line":55,"column":2},"end":{"line":55,"column":33}},"22":{"start":{"line":57,"column":2},"end":{"line":57,"column":19}},"23":{"start":{"line":69,"column":0},"end":{"line":76,"column":3}},"24":{"start":{"line":70,"column":1},"end":{"line":75,"column":2}},"25":{"start":{"line":71,"column":18},"end":{"line":71,"column":54}},"26":{"start":{"line":72,"column":2},"end":{"line":72,"column":31}},"27":{"start":{"line":74,"column":2},"end":{"line":74,"column":19}},"28":{"start":{"line":89,"column":0},"end":{"line":102,"column":3}},"29":{"start":{"line":90,"column":1},"end":{"line":101,"column":2}},"30":{"start":{"line":91,"column":20},"end":{"line":91,"column":70}},"31":{"start":{"line":92,"column":2},"end":{"line":95,"column":3}},"32":{"start":{"line":93,"column":16},"end":{"line":93,"column":52}},"33":{"start":{"line":93,"column":44},"end":{"line":93,"column":51}},"34":{"start":{"line":94,"column":3},"end":{"line":94,"column":35}},"35":{"start":{"line":97,"column":18},"end":{"line":97,"column":67}},"36":{"start":{"line":98,"column":2},"end":{"line":98,"column":31}},"37":{"start":{"line":100,"column":2},"end":{"line":100,"column":19}},"38":{"start":{"line":109,"column":0},"end":{"line":116,"column":3}},"39":{"start":{"line":110,"column":1},"end":{"line":115,"column":2}},"40":{"start":{"line":111,"column":2},"end":{"line":111,"column":42}},"41":{"start":{"line":112,"column":2},"end":{"line":112,"column":50}},"42":{"start":{"line":114,"column":2},"end":{"line":114,"column":19}},"43":{"start":{"line":118,"column":0},"end":{"line":118,"column":24}}},"fnMap":{"0":{"name":"(anonymous_0)","decl":{"start":{"line":26,"column":30},"end":{"line":26,"column":31}},"loc":{"start":{"line":26,"column":62},"end":{"line":39,"column":1}},"line":26},"1":{"name":"(anonymous_1)","decl":{"start":{"line":30,"column":37},"end":{"line":30,"column":38}},"loc":{"start":{"line":30,"column":44},"end":{"line":30,"column":51}},"line":30},"2":{"name":"(anonymous_2)","decl":{"start":{"line":52,"column":16},"end":{"line":52,"column":17}},"loc":{"start":{"line":52,"column":48},"end":{"line":59,"column":1}},"line":52},"3":{"name":"(anonymous_3)","decl":{"start":{"line":69,"column":23},"end":{"line":69,"column":24}},"loc":{"start":{"line":69,"column":55},"end":{"line":76,"column":1}},"line":69},"4":{"name":"(anonymous_4)","decl":{"start":{"line":89,"column":38},"end":{"line":89,"column":39}},"loc":{"start":{"line":89,"column":70},"end":{"line":102,"column":1}},"line":89},"5":{"name":"(anonymous_5)","decl":{"start":{"line":93,"column":37},"end":{"line":93,"column":38}},"loc":{"start":{"line":93,"column":44},"end":{"line":93,"column":51}},"line":93},"6":{"name":"(anonymous_6)","decl":{"start":{"line":109,"column":39},"end":{"line":109,"column":40}},"loc":{"start":{"line":109,"column":71},"end":{"line":116,"column":1}},"line":109}},"branchMap":{"0":{"loc":{"start":{"line":29,"column":2},"end":{"line":32,"column":3}},"type":"if","locations":[{"start":{"line":29,"column":2},"end":{"line":32,"column":3}},{"start":{"line":29,"column":2},"end":{"line":32,"column":3}}],"line":29},"1":{"loc":{"start":{"line":92,"column":2},"end":{"line":95,"column":3}},"type":"if","locations":[{"start":{"line":92,"column":2},"end":{"line":95,"column":3}},{"start":{"line":92,"column":2},"end":{"line":95,"column":3}}],"line":92}},"s":{"0":5,"1":5,"2":5,"3":5,"4":5,"5":5,"6":5,"7":5,"8":5,"9":2,"10":2,"11":2,"12":1,"13":1,"14":1,"15":1,"16":1,"17":1,"18":5,"19":2,"20":2,"21":1,"22":1,"23":5,"24":3,"25":3,"26":2,"27":1,"28":5,"29":4,"30":4,"31":4,"32":2,"33":2,"34":2,"35":2,"36":1,"37":3,"38":5,"39":2,"40":2,"41":1,"42":1,"43":5},"f":{"0":2,"1":1,"2":2,"3":3,"4":4,"5":2,"6":2},"b":{"0":[1,1],"1":[2,2]},"_coverageSchema":"1a1c01bbd47fc00a2c39e90264f33305004495a9","hash":"2ffe9a338475f1a15aca59acc1001b3b05f47b93"}
,"/Users/ngundobin/Desktop/express-jobly/routes/jobs.js": {"path":"/Users/ngundobin/Desktop/express-jobly/routes/jobs.js","statementMap":{"0":{"start":{"line":5,"column":19},"end":{"line":5,"column":40}},"1":{"start":{"line":6,"column":16},"end":{"line":6,"column":34}},"2":{"start":{"line":8,"column":28},"end":{"line":8,"column":54}},"3":{"start":{"line":9,"column":24},"end":{"line":9,"column":53}},"4":{"start":{"line":10,"column":12},"end":{"line":10,"column":36}},"5":{"start":{"line":12,"column":21},"end":{"line":12,"column":54}},"6":{"start":{"line":13,"column":24},"end":{"line":13,"column":60}},"7":{"start":{"line":15,"column":15},"end":{"line":15,"column":35}},"8":{"start":{"line":26,"column":0},"end":{"line":39,"column":3}},"9":{"start":{"line":27,"column":1},"end":{"line":38,"column":2}},"10":{"start":{"line":28,"column":20},"end":{"line":28,"column":63}},"11":{"start":{"line":29,"column":2},"end":{"line":32,"column":3}},"12":{"start":{"line":30,"column":16},"end":{"line":30,"column":52}},"13":{"start":{"line":30,"column":44},"end":{"line":30,"column":51}},"14":{"start":{"line":31,"column":3},"end":{"line":31,"column":35}},"15":{"start":{"line":34,"column":14},"end":{"line":34,"column":40}},"16":{"start":{"line":35,"column":2},"end":{"line":35,"column":39}},"17":{"start":{"line":37,"column":2},"end":{"line":37,"column":19}},"18":{"start":{"line":50,"column":0},"end":{"line":57,"column":3}},"19":{"start":{"line":51,"column":1},"end":{"line":56,"column":2}},"20":{"start":{"line":52,"column":15},"end":{"line":52,"column":43}},"21":{"start":{"line":53,"column":2},"end":{"line":53,"column":28}},"22":{"start":{"line":55,"column":2},"end":{"line":55,"column":19}},"23":{"start":{"line":67,"column":0},"end":{"line":74,"column":3}},"24":{"start":{"line":68,"column":1},"end":{"line":73,"column":2}},"25":{"start":{"line":69,"column":14},"end":{"line":69,"column":42}},"26":{"start":{"line":70,"column":2},"end":{"line":70,"column":27}},"27":{"start":{"line":72,"column":2},"end":{"line":72,"column":19}},"28":{"start":{"line":87,"column":0},"end":{"line":100,"column":3}},"29":{"start":{"line":88,"column":1},"end":{"line":99,"column":2}},"30":{"start":{"line":89,"column":20},"end":{"line":89,"column":66}},"31":{"start":{"line":90,"column":2},"end":{"line":93,"column":3}},"32":{"start":{"line":91,"column":16},"end":{"line":91,"column":52}},"33":{"start":{"line":91,"column":44},"end":{"line":91,"column":51}},"34":{"start":{"line":92,"column":3},"end":{"line":92,"column":35}},"35":{"start":{"line":95,"column":14},"end":{"line":95,"column":55}},"36":{"start":{"line":96,"column":2},"end":{"line":96,"column":27}},"37":{"start":{"line":98,"column":2},"end":{"line":98,"column":19}},"38":{"start":{"line":107,"column":0},"end":{"line":114,"column":3}},"39":{"start":{"line":108,"column":1},"end":{"line":113,"column":2}},"40":{"start":{"line":109,"column":2},"end":{"line":109,"column":34}},"41":{"start":{"line":110,"column":2},"end":{"line":110,"column":46}},"42":{"start":{"line":112,"column":2},"end":{"line":112,"column":19}},"43":{"start":{"line":116,"column":0},"end":{"line":116,"column":24}}},"fnMap":{"0":{"name":"(anonymous_0)","decl":{"start":{"line":26,"column":30},"end":{"line":26,"column":31}},"loc":{"start":{"line":26,"column":62},"end":{"line":39,"column":1}},"line":26},"1":{"name":"(anonymous_1)","decl":{"start":{"line":30,"column":37},"end":{"line":30,"column":38}},"loc":{"start":{"line":30,"column":44},"end":{"line":30,"column":51}},"line":30},"2":{"name":"(anonymous_2)","decl":{"start":{"line":50,"column":16},"end":{"line":50,"column":17}},"loc":{"start":{"line":50,"column":48},"end":{"line":57,"column":1}},"line":50},"3":{"name":"(anonymous_3)","decl":{"start":{"line":67,"column":19},"end":{"line":67,"column":20}},"loc":{"start":{"line":67,"column":51},"end":{"line":74,"column":1}},"line":67},"4":{"name":"(anonymous_4)","decl":{"start":{"line":87,"column":34},"end":{"line":87,"column":35}},"loc":{"start":{"line":87,"column":66},"end":{"line":100,"column":1}},"line":87},"5":{"name":"(anonymous_5)","decl":{"start":{"line":91,"column":37},"end":{"line":91,"column":38}},"loc":{"start":{"line":91,"column":44},"end":{"line":91,"column":51}},"line":91},"6":{"name":"(anonymous_6)","decl":{"start":{"line":107,"column":35},"end":{"line":107,"column":36}},"loc":{"start":{"line":107,"column":67},"end":{"line":114,"column":1}},"line":107}},"branchMap":{"0":{"loc":{"start":{"line":29,"column":2},"end":{"line":32,"column":3}},"type":"if","locations":[{"start":{"line":29,"column":2},"end":{"line":32,"column":3}},{"start":{"line":29,"column":2},"end":{"line":32,"column":3}}],"line":29},"1":{"loc":{"start":{"line":90,"column":2},"end":{"line":93,"column":3}},"type":"if","locations":[{"start":{"line":90,"column":2},"end":{"line":93,"column":3}},{"start":{"line":90,"column":2},"end":{"line":93,"column":3}}],"line":90}},"s":{"0":5,"1":5,"2":5,"3":5,"4":5,"5":5,"6":5,"7":5,"8":5,"9":3,"10":3,"11":3,"12":2,"13":2,"14":2,"15":1,"16":1,"17":2,"18":5,"19":4,"20":4,"21":4,"22":0,"23":5,"24":4,"25":4,"26":2,"27":2,"28":5,"29":0,"30":0,"31":0,"32":0,"33":0,"34":0,"35":0,"36":0,"37":0,"38":5,"39":2,"40":2,"41":1,"42":1,"43":5},"f":{"0":3,"1":2,"2":4,"3":4,"4":0,"5":0,"6":2},"b":{"0":[2,1],"1":[0,0]},"_coverageSchema":"1a1c01bbd47fc00a2c39e90264f33305004495a9","hash":"62ceee505f687fd0085f1d5a820bdfbfff53c990"}
,"/Users/ngundobin/Desktop/express-jobly/routes/users.js": {"path":"/Users/ngundobin/Desktop/express-jobly/routes/users.js","statementMap":{"0":{"start":{"line":5,"column":19},"end":{"line":5,"column":40}},"1":{"start":{"line":6,"column":16},"end":{"line":6,"column":44}},"2":{"start":{"line":8,"column":16},"end":{"line":8,"column":34}},"3":{"start":{"line":9,"column":50},"end":{"line":9,"column":79}},"4":{"start":{"line":10,"column":28},"end":{"line":10,"column":54}},"5":{"start":{"line":11,"column":13},"end":{"line":11,"column":38}},"6":{"start":{"line":12,"column":24},"end":{"line":12,"column":52}},"7":{"start":{"line":13,"column":22},"end":{"line":13,"column":56}},"8":{"start":{"line":14,"column":25},"end":{"line":14,"column":62}},"9":{"start":{"line":16,"column":15},"end":{"line":16,"column":31}},"10":{"start":{"line":30,"column":0},"end":{"line":49,"column":3}},"11":{"start":{"line":31,"column":1},"end":{"line":48,"column":2}},"12":{"start":{"line":32,"column":19},"end":{"line":35,"column":4}},"13":{"start":{"line":36,"column":2},"end":{"line":36,"column":31}},"14":{"start":{"line":37,"column":20},"end":{"line":37,"column":64}},"15":{"start":{"line":38,"column":2},"end":{"line":41,"column":3}},"16":{"start":{"line":39,"column":16},"end":{"line":39,"column":52}},"17":{"start":{"line":39,"column":44},"end":{"line":39,"column":51}},"18":{"start":{"line":40,"column":3},"end":{"line":40,"column":35}},"19":{"start":{"line":43,"column":15},"end":{"line":43,"column":44}},"20":{"start":{"line":44,"column":16},"end":{"line":44,"column":33}},"21":{"start":{"line":45,"column":2},"end":{"line":45,"column":47}},"22":{"start":{"line":47,"column":2},"end":{"line":47,"column":19}},"23":{"start":{"line":58,"column":0},"end":{"line":65,"column":3}},"24":{"start":{"line":59,"column":1},"end":{"line":64,"column":2}},"25":{"start":{"line":60,"column":16},"end":{"line":60,"column":36}},"26":{"start":{"line":61,"column":2},"end":{"line":61,"column":29}},"27":{"start":{"line":63,"column":2},"end":{"line":63,"column":19}},"28":{"start":{"line":74,"column":0},"end":{"line":81,"column":3}},"29":{"start":{"line":75,"column":1},"end":{"line":80,"column":2}},"30":{"start":{"line":76,"column":15},"end":{"line":76,"column":50}},"31":{"start":{"line":77,"column":2},"end":{"line":77,"column":28}},"32":{"start":{"line":79,"column":2},"end":{"line":79,"column":19}},"33":{"start":{"line":93,"column":0},"end":{"line":105,"column":2}},"34":{"start":{"line":97,"column":2},"end":{"line":103,"column":3}},"35":{"start":{"line":98,"column":16},"end":{"line":98,"column":51}},"36":{"start":{"line":99,"column":3},"end":{"line":99,"column":57}},"37":{"start":{"line":100,"column":3},"end":{"line":100,"column":47}},"38":{"start":{"line":102,"column":3},"end":{"line":102,"column":20}},"39":{"start":{"line":117,"column":0},"end":{"line":134,"column":2}},"40":{"start":{"line":121,"column":2},"end":{"line":132,"column":3}},"41":{"start":{"line":122,"column":21},"end":{"line":122,"column":68}},"42":{"start":{"line":123,"column":3},"end":{"line":126,"column":4}},"43":{"start":{"line":124,"column":17},"end":{"line":124,"column":53}},"44":{"start":{"line":124,"column":45},"end":{"line":124,"column":52}},"45":{"start":{"line":125,"column":4},"end":{"line":125,"column":36}},"46":{"start":{"line":128,"column":16},"end":{"line":128,"column":64}},"47":{"start":{"line":129,"column":3},"end":{"line":129,"column":29}},"48":{"start":{"line":131,"column":3},"end":{"line":131,"column":20}},"49":{"start":{"line":141,"column":0},"end":{"line":152,"column":2}},"50":{"start":{"line":145,"column":2},"end":{"line":150,"column":3}},"51":{"start":{"line":146,"column":3},"end":{"line":146,"column":42}},"52":{"start":{"line":147,"column":3},"end":{"line":147,"column":53}},"53":{"start":{"line":149,"column":3},"end":{"line":149,"column":20}},"54":{"start":{"line":154,"column":0},"end":{"line":154,"column":24}}},"fnMap":{"0":{"name":"(anonymous_0)","decl":{"start":{"line":30,"column":30},"end":{"line":30,"column":31}},"loc":{"start":{"line":30,"column":62},"end":{"line":49,"column":1}},"line":30},"1":{"name":"(anonymous_1)","decl":{"start":{"line":39,"column":37},"end":{"line":39,"column":38}},"loc":{"start":{"line":39,"column":44},"end":{"line":39,"column":51}},"line":39},"2":{"name":"(anonymous_2)","decl":{"start":{"line":58,"column":29},"end":{"line":58,"column":30}},"loc":{"start":{"line":58,"column":61},"end":{"line":65,"column":1}},"line":58},"3":{"name":"(anonymous_3)","decl":{"start":{"line":74,"column":38},"end":{"line":74,"column":39}},"loc":{"start":{"line":74,"column":70},"end":{"line":81,"column":1}},"line":74},"4":{"name":"(anonymous_4)","decl":{"start":{"line":96,"column":1},"end":{"line":96,"column":2}},"loc":{"start":{"line":96,"column":33},"end":{"line":104,"column":2}},"line":96},"5":{"name":"(anonymous_5)","decl":{"start":{"line":120,"column":1},"end":{"line":120,"column":2}},"loc":{"start":{"line":120,"column":33},"end":{"line":133,"column":2}},"line":120},"6":{"name":"(anonymous_6)","decl":{"start":{"line":124,"column":38},"end":{"line":124,"column":39}},"loc":{"start":{"line":124,"column":45},"end":{"line":124,"column":52}},"line":124},"7":{"name":"(anonymous_7)","decl":{"start":{"line":144,"column":1},"end":{"line":144,"column":2}},"loc":{"start":{"line":144,"column":33},"end":{"line":151,"column":2}},"line":144}},"branchMap":{"0":{"loc":{"start":{"line":38,"column":2},"end":{"line":41,"column":3}},"type":"if","locations":[{"start":{"line":38,"column":2},"end":{"line":41,"column":3}},{"start":{"line":38,"column":2},"end":{"line":41,"column":3}}],"line":38},"1":{"loc":{"start":{"line":123,"column":3},"end":{"line":126,"column":4}},"type":"if","locations":[{"start":{"line":123,"column":3},"end":{"line":126,"column":4}},{"start":{"line":123,"column":3},"end":{"line":126,"column":4}}],"line":123}},"s":{"0":5,"1":5,"2":5,"3":5,"4":5,"5":5,"6":5,"7":5,"8":5,"9":5,"10":5,"11":4,"12":4,"13":4,"14":4,"15":4,"16":2,"17":4,"18":2,"19":2,"20":2,"21":2,"22":2,"23":5,"24":2,"25":2,"26":1,"27":1,"28":5,"29":1,"30":1,"31":1,"32":0,"33":5,"34":0,"35":0,"36":0,"37":0,"38":0,"39":5,"40":3,"41":3,"42":3,"43":1,"44":1,"45":1,"46":2,"47":2,"48":1,"49":5,"50":1,"51":1,"52":1,"53":0,"54":5},"f":{"0":4,"1":4,"2":2,"3":1,"4":0,"5":3,"6":1,"7":1},"b":{"0":[2,2],"1":[1,2]},"_coverageSchema":"1a1c01bbd47fc00a2c39e90264f33305004495a9","hash":"9f3e06b9d5a82df931c725710b68c8a8305e1cad"}
}
