TN:
SF:app.js
FN:31,(anonymous_0)
FN:36,(anonymous_1)
FNF:2
FNH:2
FNDA:2,(anonymous_0)
FNDA:36,(anonymous_1)
DA:5,5
DA:6,5
DA:8,5
DA:10,5
DA:11,5
DA:12,5
DA:13,5
DA:14,5
DA:16,5
DA:18,5
DA:20,5
DA:21,5
DA:22,5
DA:23,5
DA:25,5
DA:26,5
DA:27,5
DA:28,5
DA:31,5
DA:32,2
DA:36,5
DA:37,36
DA:38,36
DA:39,36
DA:41,36
DA:46,5
LF:26
LH:26
BRDA:37,0,0,1
BRDA:37,0,1,35
BRDA:38,1,0,36
BRDA:38,1,1,5
BRF:4
BRH:4
end_of_record
TN:
SF:config.js
FN:13,getDatabaseUri
FNF:1
FNH:1
FNDA:22,getDatabaseUri
DA:5,11
DA:6,11
DA:8,11
DA:10,11
DA:14,22
DA:22,11
DA:24,11
DA:25,11
DA:26,11
DA:27,11
DA:28,11
DA:29,11
DA:31,11
LF:13
LH:13
BRDA:8,0,0,11
BRDA:8,0,1,10
BRDA:10,1,0,11
BRDA:10,1,1,10
BRDA:14,2,0,19
BRDA:14,2,1,3
BRDA:16,3,0,3
BRDA:16,3,1,1
BRDA:22,4,0,10
BRDA:22,4,1,1
BRF:10
BRH:10
end_of_record
TN:
SF:db.js
FNF:0
FNH:0
DA:5,8
DA:6,8
DA:8,8
DA:12,8
DA:14,8
LF:5
LH:5
BRF:0
BRH:0
end_of_record
TN:
SF:expressError.js
FN:8,(anonymous_0)
FN:18,(anonymous_1)
FN:26,(anonymous_2)
FN:34,(anonymous_3)
FN:42,(anonymous_4)
FNF:5
FNH:4
FNDA:46,(anonymous_0)
FNDA:11,(anonymous_1)
FNDA:17,(anonymous_2)
FNDA:18,(anonymous_3)
FNDA:0,(anonymous_4)
DA:9,46
DA:10,46
DA:11,46
DA:19,11
DA:27,17
DA:35,18
DA:43,0
DA:47,10
LF:8
LH:7
BRDA:18,0,0,2
BRDA:26,1,0,13
BRDA:34,2,0,0
BRDA:42,3,0,0
BRF:4
BRH:2
end_of_record
TN:
SF:helpers/sql.js
FN:8,sqlForPartialUpdate
FN:18,(anonymous_1)
FN:27,queryCompanies
FN:52,queryJobs
FNF:4
FNH:4
FNDA:18,sqlForPartialUpdate
FNDA:34,(anonymous_1)
FNDA:7,queryCompanies
FNDA:6,queryJobs
DA:1,9
DA:13,18
DA:14,18
DA:17,14
DA:18,34
DA:21,14
DA:31,7
DA:32,6
DA:34,6
DA:35,3
DA:38,6
DA:39,2
DA:43,4
DA:44,1
DA:46,3
DA:47,0
DA:49,6
DA:56,6
DA:57,5
DA:59,5
DA:60,3
DA:63,5
DA:64,1
DA:67,5
DA:68,2
DA:70,5
DA:73,9
LF:27
LH:26
BRDA:8,0,0,4
BRDA:14,1,0,4
BRDA:14,1,1,14
BRDA:18,2,0,34
BRDA:18,2,1,20
BRDA:31,3,0,1
BRDA:31,3,1,6
BRDA:34,4,0,3
BRDA:34,4,1,3
BRDA:38,5,0,2
BRDA:38,5,1,4
BRDA:38,6,0,6
BRDA:38,6,1,3
BRDA:43,7,0,1
BRDA:43,7,1,3
BRDA:46,8,0,0
BRDA:46,8,1,3
BRDA:56,9,0,1
BRDA:56,9,1,5
BRDA:59,10,0,3
BRDA:59,10,1,2
BRDA:63,11,0,1
BRDA:63,11,1,4
BRDA:67,12,0,2
BRDA:67,12,1,3
BRF:25
BRH:24
end_of_record
TN:
SF:helpers/tokens.js
FN:6,createToken
FNF:1
FNH:1
FNDA:15,createToken
DA:1,6
DA:2,6
DA:7,15
DA:10,15
DA:15,15
DA:18,6
LF:6
LH:6
BRDA:12,0,0,15
BRDA:12,0,1,9
BRF:2
BRH:2
end_of_record
TN:
SF:middleware/auth.js
FN:17,authenticateJWT
FN:35,ensureLoggedIn
FN:49,ensureAdmin
FN:64,ensureCorrectUserOrAdmin
FNF:4
FNH:4
FNDA:62,authenticateJWT
FNDA:2,ensureLoggedIn
FNDA:28,ensureAdmin
FNDA:8,ensureCorrectUserOrAdmin
DA:5,6
DA:6,6
DA:7,6
DA:18,62
DA:19,62
DA:20,62
DA:21,31
DA:22,31
DA:24,61
DA:26,1
DA:36,2
DA:37,2
DA:38,1
DA:40,1
DA:50,28
DA:51,28
DA:52,8
DA:53,20
DA:55,8
DA:65,8
DA:66,8
DA:67,8
DA:68,4
DA:70,4
DA:72,4
DA:76,6
LF:26
LH:26
BRDA:19,0,0,62
BRDA:19,0,1,61
BRDA:20,1,0,31
BRDA:20,1,1,31
BRDA:37,2,0,1
BRDA:37,2,1,1
BRDA:51,3,0,8
BRDA:51,3,1,20
BRDA:51,4,0,28
BRDA:51,4,1,22
BRDA:67,5,0,4
BRDA:67,5,1,4
BRDA:67,6,0,8
BRDA:67,6,1,6
BRDA:67,6,2,6
BRF:15
BRH:15
end_of_record
TN:
SF:models/_testCommon.js
FN:8,commonBeforeAll
FN:31,(anonymous_1)
FN:57,commonBeforeEach
FN:61,commonAfterEach
FN:65,commonAfterAll
FNF:5
FNH:5
FNDA:3,commonBeforeAll
FNDA:21,(anonymous_1)
FNDA:39,commonBeforeEach
FNDA:39,commonAfterEach
FNDA:3,commonAfterAll
DA:1,3
DA:3,3
DA:4,3
DA:6,3
DA:10,3
DA:12,3
DA:14,3
DA:20,3
DA:31,21
DA:32,3
DA:48,3
DA:58,39
DA:62,39
DA:66,3
DA:69,3
LF:15
LH:15
BRF:0
BRH:0
end_of_record
TN:
SF:models/company.js
FN:19,(anonymous_0)
FN:47,(anonymous_1)
FN:70,(anonymous_2)
FN:109,(anonymous_3)
FN:137,(anonymous_4)
FNF:5
FNH:5
FNDA:16,(anonymous_0)
FNDA:6,(anonymous_1)
FNDA:5,(anonymous_2)
FNDA:6,(anonymous_3)
FNDA:4,(anonymous_4)
DA:3,6
DA:4,6
DA:5,6
DA:20,16
DA:27,16
DA:28,1
DA:30,15
DA:37,15
DA:39,15
DA:48,6
DA:50,6
DA:59,5
DA:71,5
DA:82,5
DA:84,5
DA:86,3
DA:93,3
DA:94,3
DA:110,6
DA:114,5
DA:116,5
DA:124,5
DA:125,5
DA:127,5
DA:129,3
DA:138,4
DA:145,4
DA:147,4
DA:151,6
LF:29
LH:29
BRDA:27,0,0,1
BRDA:27,0,1,15
BRDA:56,1,0,3
BRDA:56,1,1,3
BRDA:84,2,0,2
BRDA:84,2,1,3
BRDA:127,3,0,2
BRDA:127,3,1,3
BRDA:147,4,0,2
BRDA:147,4,1,2
BRF:10
BRH:10
end_of_record
TN:
SF:models/job.js
FN:21,(anonymous_0)
FN:38,(anonymous_1)
FN:61,(anonymous_2)
FN:103,(anonymous_3)
FN:126,(anonymous_4)
FNF:5
FNH:5
FNDA:14,(anonymous_0)
FNDA:6,(anonymous_1)
FNDA:4,(anonymous_2)
FNDA:4,(anonymous_3)
FNDA:3,(anonymous_4)
DA:8,6
DA:9,6
DA:22,14
DA:30,14
DA:39,6
DA:41,6
DA:50,6
DA:62,4
DA:73,3
DA:74,3
DA:75,2
DA:86,2
DA:87,2
DA:88,2
DA:104,4
DA:105,3
DA:107,3
DA:113,3
DA:114,3
DA:116,3
DA:118,2
DA:127,3
DA:134,2
DA:136,2
DA:140,6
LF:25
LH:25
BRDA:47,0,0,4
BRDA:47,0,1,2
BRDA:74,1,0,1
BRDA:74,1,1,2
BRDA:116,2,0,1
BRDA:116,2,1,2
BRDA:136,3,0,0
BRDA:136,3,1,2
BRF:8
BRH:7
end_of_record
TN:
SF:models/user.js
FN:24,(anonymous_0)
FN:59,(anonymous_1)
FN:103,(anonymous_2)
FN:125,(anonymous_3)
FN:149,(anonymous_4)
FN:162,(anonymous_5)
FN:219,(anonymous_6)
FN:250,(anonymous_7)
FNF:8
FNH:8
FNDA:7,(anonymous_0)
FNDA:19,(anonymous_1)
FNDA:3,(anonymous_2)
FNDA:4,(anonymous_3)
FNDA:3,(anonymous_4)
FNDA:1,(anonymous_5)
FNDA:6,(anonymous_6)
FNDA:3,(anonymous_7)
DA:3,6
DA:4,6
DA:5,6
DA:10,6
DA:12,6
DA:26,7
DA:38,7
DA:40,7
DA:42,4
DA:43,4
DA:44,3
DA:45,3
DA:49,4
DA:67,19
DA:74,19
DA:75,1
DA:78,18
DA:80,18
DA:93,18
DA:95,18
DA:104,3
DA:114,2
DA:126,4
DA:137,4
DA:139,4
DA:141,3
DA:149,3
DA:151,3
DA:164,1
DA:170,1
DA:172,1
DA:174,1
DA:180,1
DA:182,1
DA:184,1
DA:198,1
DA:199,1
DA:220,6
DA:221,2
DA:224,6
DA:229,5
DA:231,5
DA:239,5
DA:240,5
DA:242,5
DA:244,4
DA:245,4
DA:251,3
DA:258,3
DA:260,3
DA:264,6
LF:51
LH:51
BRDA:40,0,0,4
BRDA:40,0,1,3
BRDA:43,1,0,3
BRDA:43,1,1,1
BRDA:74,2,0,1
BRDA:74,2,1,18
BRDA:139,3,0,1
BRDA:139,3,1,3
BRDA:172,4,0,0
BRDA:172,4,1,1
BRDA:182,5,0,0
BRDA:182,5,1,1
BRDA:220,6,0,2
BRDA:220,6,1,4
BRDA:242,7,0,1
BRDA:242,7,1,4
BRDA:260,8,0,1
BRDA:260,8,1,2
BRF:18
BRH:16
end_of_record
TN:
SF:routes/_testCommon.js
FN:11,commonBeforeAll
FN:92,commonBeforeEach
FN:96,commonAfterEach
FN:100,commonAfterAll
FNF:4
FNH:4
FNDA:4,commonBeforeAll
FNDA:57,commonBeforeEach
FNDA:57,commonAfterEach
FNDA:4,commonAfterAll
DA:3,4
DA:4,4
DA:5,4
DA:6,4
DA:7,4
DA:9,4
DA:13,4
DA:15,4
DA:17,4
DA:24,4
DA:31,4
DA:39,4
DA:48,4
DA:57,4
DA:66,4
DA:74,4
DA:82,4
DA:93,57
DA:97,57
DA:101,4
DA:104,4
DA:105,4
DA:107,4
LF:23
LH:23
BRF:0
BRH:0
end_of_record
TN:
SF:routes/auth.js
FN:22,(anonymous_0)
FN:26,(anonymous_1)
FN:49,(anonymous_2)
FN:53,(anonymous_3)
FNF:4
FNH:4
FNDA:5,(anonymous_0)
FNDA:2,(anonymous_1)
FNDA:3,(anonymous_2)
FNDA:5,(anonymous_3)
DA:5,5
DA:7,5
DA:8,5
DA:9,5
DA:10,5
DA:11,5
DA:12,5
DA:13,5
DA:22,5
DA:23,5
DA:24,5
DA:25,5
DA:26,2
DA:27,2
DA:30,3
DA:31,3
DA:32,1
DA:33,1
DA:35,4
DA:49,5
DA:50,3
DA:51,3
DA:52,3
DA:53,5
DA:54,2
DA:57,1
DA:58,1
DA:59,1
DA:61,2
DA:66,5
LF:30
LH:30
BRDA:25,0,0,2
BRDA:25,0,1,3
BRDA:52,1,0,2
BRDA:52,1,1,1
BRF:4
BRH:4
end_of_record
TN:
SF:routes/companies.js
FN:26,(anonymous_0)
FN:30,(anonymous_1)
FN:52,(anonymous_2)
FN:69,(anonymous_3)
FN:89,(anonymous_4)
FN:93,(anonymous_5)
FN:109,(anonymous_6)
FNF:7
FNH:7
FNDA:2,(anonymous_0)
FNDA:1,(anonymous_1)
FNDA:2,(anonymous_2)
FNDA:3,(anonymous_3)
FNDA:4,(anonymous_4)
FNDA:2,(anonymous_5)
FNDA:2,(anonymous_6)
DA:5,5
DA:6,5
DA:8,5
DA:9,5
DA:10,5
DA:12,5
DA:13,5
DA:15,5
DA:26,5
DA:27,2
DA:28,2
DA:29,2
DA:30,1
DA:31,1
DA:34,1
DA:35,1
DA:37,1
DA:52,5
DA:53,2
DA:54,2
DA:55,1
DA:57,1
DA:69,5
DA:70,3
DA:71,3
DA:72,2
DA:74,1
DA:89,5
DA:90,4
DA:91,4
DA:92,4
DA:93,2
DA:94,2
DA:97,2
DA:98,1
DA:100,3
DA:109,5
DA:110,2
DA:111,2
DA:112,1
DA:114,1
DA:118,5
LF:42
LH:42
BRDA:29,0,0,1
BRDA:29,0,1,1
BRDA:92,1,0,2
BRDA:92,1,1,2
BRF:4
BRH:4
end_of_record
TN:
SF:routes/jobs.js
FN:26,(anonymous_0)
FN:30,(anonymous_1)
FN:50,(anonymous_2)
FN:67,(anonymous_3)
FN:87,(anonymous_4)
FN:91,(anonymous_5)
FN:107,(anonymous_6)
FNF:7
FNH:5
FNDA:3,(anonymous_0)
FNDA:2,(anonymous_1)
FNDA:4,(anonymous_2)
FNDA:4,(anonymous_3)
FNDA:0,(anonymous_4)
FNDA:0,(anonymous_5)
FNDA:2,(anonymous_6)
DA:5,5
DA:6,5
DA:8,5
DA:9,5
DA:10,5
DA:12,5
DA:13,5
DA:15,5
DA:26,5
DA:27,3
DA:28,3
DA:29,3
DA:30,2
DA:31,2
DA:34,1
DA:35,1
DA:37,2
DA:50,5
DA:51,4
DA:52,4
DA:53,4
DA:55,0
DA:67,5
DA:68,4
DA:69,4
DA:70,2
DA:72,2
DA:87,5
DA:88,0
DA:89,0
DA:90,0
DA:91,0
DA:92,0
DA:95,0
DA:96,0
DA:98,0
DA:107,5
DA:108,2
DA:109,2
DA:110,1
DA:112,1
DA:116,5
LF:42
LH:33
BRDA:29,0,0,2
BRDA:29,0,1,1
BRDA:90,1,0,0
BRDA:90,1,1,0
BRF:4
BRH:2
end_of_record
TN:
SF:routes/users.js
FN:30,(anonymous_0)
FN:39,(anonymous_1)
FN:58,(anonymous_2)
FN:74,(anonymous_3)
FN:96,(anonymous_4)
FN:120,(anonymous_5)
FN:124,(anonymous_6)
FN:144,(anonymous_7)
FNF:8
FNH:7
FNDA:4,(anonymous_0)
FNDA:4,(anonymous_1)
FNDA:2,(anonymous_2)
FNDA:1,(anonymous_3)
FNDA:0,(anonymous_4)
FNDA:3,(anonymous_5)
FNDA:1,(anonymous_6)
FNDA:1,(anonymous_7)
DA:5,5
DA:6,5
DA:8,5
DA:9,5
DA:10,5
DA:11,5
DA:12,5
DA:13,5
DA:14,5
DA:16,5
DA:30,5
DA:31,4
DA:32,4
DA:36,4
DA:37,4
DA:38,4
DA:39,4
DA:40,2
DA:43,2
DA:44,2
DA:45,2
DA:47,2
DA:58,5
DA:59,2
DA:60,2
DA:61,1
DA:63,1
DA:74,5
DA:75,1
DA:76,1
DA:77,1
DA:79,0
DA:93,5
DA:97,0
DA:98,0
DA:99,0
DA:100,0
DA:102,0
DA:117,5
DA:121,3
DA:122,3
DA:123,3
DA:124,1
DA:125,1
DA:128,2
DA:129,2
DA:131,1
DA:141,5
DA:145,1
DA:146,1
DA:147,1
DA:149,0
DA:154,5
LF:53
LH:46
BRDA:38,0,0,2
BRDA:38,0,1,2
BRDA:123,1,0,1
BRDA:123,1,1,2
BRF:4
BRH:4
end_of_record
